{"P:\\VS CODE\\Main-Project\\Classroom\\src\\App.tsx": {"path":"P:\\VS CODE\\Main-Project\\Classroom\\src\\App.tsx","statementMap":{"0":{"start":{"line":1,"column":0},"end":{"line":1,"column":19}},"1":{"start":{"line":2,"column":0},"end":{"line":2,"column":57}},"2":{"start":{"line":3,"column":0},"end":{"line":3,"column":50}},"3":{"start":{"line":4,"column":0},"end":{"line":4,"column":52}},"4":{"start":{"line":5,"column":0},"end":{"line":5,"column":54}},"5":{"start":{"line":6,"column":0},"end":{"line":6,"column":42}},"6":{"start":{"line":7,"column":0},"end":{"line":7,"column":65}},"7":{"start":{"line":8,"column":0},"end":{"line":8,"column":48}},"8":{"start":{"line":9,"column":0},"end":{"line":9,"column":54}},"9":{"start":{"line":11,"column":0},"end":{"line":11,"column":55}},"10":{"start":{"line":15,"column":26},"end":{"line":15,"column":58}},"11":{"start":{"line":17,"column":2},"end":{"line":52,"column":null}},"12":{"start":{"line":23,"column":35},"end":{"line":35,"column":10}},"13":{"start":{"line":38,"column":36},"end":{"line":49,"column":10}},"14":{"start":{"line":55,"column":0},"end":{"line":55,"column":null}}},"fnMap":{"0":{"name":"App","decl":{"start":{"line":13,"column":9},"end":{"line":13,"column":12}},"loc":{"start":{"line":13,"column":12},"end":{"line":53,"column":1}}},"1":{"name":"(anonymous_2)","decl":{"start":{"line":23,"column":26},"end":{"line":23,"column":27}},"loc":{"start":{"line":23,"column":32},"end":{"line":23,"column":null}}},"2":{"name":"(anonymous_3)","decl":{"start":{"line":38,"column":27},"end":{"line":38,"column":28}},"loc":{"start":{"line":38,"column":33},"end":{"line":38,"column":null}}}},"branchMap":{"0":{"loc":{"start":{"line":28,"column":12},"end":{"line":31,"column":null}},"type":"cond-expr","locations":[{"start":{"line":29,"column":14},"end":{"line":29,"column":56}},{"start":{"line":31,"column":14},"end":{"line":31,"column":27}}]},"1":{"loc":{"start":{"line":28,"column":12},"end":{"line":28,"column":82}},"type":"binary-expr","locations":[{"start":{"line":28,"column":12},"end":{"line":28,"column":27}},{"start":{"line":28,"column":32},"end":{"line":28,"column":61}},{"start":{"line":28,"column":65},"end":{"line":28,"column":81}}]}},"s":{"0":0,"1":0,"2":0,"3":0,"4":0,"5":0,"6":0,"7":0,"8":0,"9":0,"10":0,"11":0,"12":0,"13":0,"14":0},"f":{"0":0,"1":0,"2":0},"b":{"0":[0,0],"1":[0,0,0]}}
,"P:\\VS CODE\\Main-Project\\Classroom\\src\\main.tsx": {"path":"P:\\VS CODE\\Main-Project\\Classroom\\src\\main.tsx","statementMap":{"0":{"start":{"line":1,"column":0},"end":{"line":1,"column":34}},"1":{"start":{"line":2,"column":0},"end":{"line":2,"column":45}},"2":{"start":{"line":3,"column":0},"end":{"line":3,"column":21}},"3":{"start":{"line":4,"column":0},"end":{"line":4,"column":23}},"4":{"start":{"line":5,"column":0},"end":{"line":5,"column":48}},"5":{"start":{"line":6,"column":0},"end":{"line":6,"column":48}},"6":{"start":{"line":7,"column":0},"end":{"line":7,"column":37}},"7":{"start":{"line":8,"column":0},"end":{"line":8,"column":88}},"8":{"start":{"line":9,"column":0},"end":{"line":9,"column":57}},"9":{"start":{"line":10,"column":0},"end":{"line":10,"column":52}},"10":{"start":{"line":11,"column":0},"end":{"line":11,"column":76}},"11":{"start":{"line":13,"column":0},"end":{"line":13,"column":54}},"12":{"start":{"line":16,"column":0},"end":{"line":16,"column":null}},"13":{"start":{"line":19,"column":17},"end":{"line":22,"column":2}},"14":{"start":{"line":24,"column":46},"end":{"line":31,"column":1}},"15":{"start":{"line":25,"column":15},"end":{"line":25,"column":40}},"16":{"start":{"line":26,"column":19},"end":{"line":27,"column":null}},"17":{"start":{"line":27,"column":4},"end":{"line":27,"column":null}},"18":{"start":{"line":30,"column":2},"end":{"line":30,"column":58}},"19":{"start":{"line":24,"column":13},"end":{"line":24,"column":46}},"20":{"start":{"line":33,"column":17},"end":{"line":42,"column":2}},"21":{"start":{"line":33,"column":46},"end":{"line":33,"column":52}},"22":{"start":{"line":34,"column":16},"end":{"line":34,"column":48}},"23":{"start":{"line":35,"column":2},"end":{"line":35,"column":null}},"24":{"start":{"line":36,"column":2},"end":{"line":41,"column":4}},"25":{"start":{"line":44,"column":18},"end":{"line":66,"column":2}},"26":{"start":{"line":44,"column":42},"end":{"line":44,"column":44}},"27":{"start":{"line":44,"column":56},"end":{"line":44,"column":58}},"28":{"start":{"line":45,"column":21},"end":{"line":45,"column":26}},"29":{"start":{"line":46,"column":2},"end":{"line":46,"column":null}},"30":{"start":{"line":49,"column":2},"end":{"line":56,"column":3}},"31":{"start":{"line":50,"column":4},"end":{"line":55,"column":5}},"32":{"start":{"line":50,"column":22},"end":{"line":50,"column":35}},"33":{"start":{"line":50,"column":18},"end":{"line":50,"column":22}},"34":{"start":{"line":51,"column":6},"end":{"line":54,"column":7}},"35":{"start":{"line":52,"column":8},"end":{"line":52,"column":28}},"36":{"start":{"line":53,"column":8},"end":{"line":53,"column":14}},"37":{"start":{"line":58,"column":2},"end":{"line":58,"column":null}},"38":{"start":{"line":59,"column":2},"end":{"line":65,"column":3}},"39":{"start":{"line":60,"column":4},"end":{"line":60,"column":25}},"40":{"start":{"line":61,"column":4},"end":{"line":61,"column":null}},"41":{"start":{"line":62,"column":4},"end":{"line":64,"column":13}},"42":{"start":{"line":63,"column":6},"end":{"line":63,"column":44}},"43":{"start":{"line":68,"column":15},"end":{"line":71,"column":2}},"44":{"start":{"line":73,"column":0},"end":{"line":82,"column":null}}},"fnMap":{"0":{"name":"(anonymous_3)","decl":{"start":{"line":24,"column":46},"end":{"line":24,"column":null}},"loc":{"start":{"line":24,"column":46},"end":{"line":31,"column":1}}},"1":{"name":"(anonymous_4)","decl":{"start":{"line":26,"column":29},"end":{"line":26,"column":30}},"loc":{"start":{"line":26,"column":33},"end":{"line":27,"column":7}}},"2":{"name":"(anonymous_5)","decl":{"start":{"line":33,"column":28},"end":{"line":33,"column":29}},"loc":{"start":{"line":33,"column":52},"end":{"line":42,"column":1}}},"3":{"name":"(anonymous_6)","decl":{"start":{"line":44,"column":26},"end":{"line":44,"column":27}},"loc":{"start":{"line":44,"column":58},"end":{"line":66,"column":1}}},"4":{"name":"(anonymous_7)","decl":{"start":{"line":62,"column":15},"end":{"line":62,"column":null}},"loc":{"start":{"line":62,"column":15},"end":{"line":64,"column":5}}}},"branchMap":{"0":{"loc":{"start":{"line":30,"column":9},"end":{"line":30,"column":57}},"type":"cond-expr","locations":[{"start":{"line":30,"column":20},"end":{"line":30,"column":50}},{"start":{"line":30,"column":53},"end":{"line":30,"column":57}}]},"1":{"loc":{"start":{"line":39,"column":21},"end":{"line":39,"column":51}},"type":"cond-expr","locations":[{"start":{"line":39,"column":29},"end":{"line":39,"column":46}},{"start":{"line":39,"column":49},"end":{"line":39,"column":51}}]},"2":{"loc":{"start":{"line":49,"column":2},"end":{"line":56,"column":3}},"type":"if","locations":[{"start":{"line":49,"column":2},"end":{"line":56,"column":3}}]},"3":{"loc":{"start":{"line":51,"column":6},"end":{"line":54,"column":7}},"type":"if","locations":[{"start":{"line":51,"column":6},"end":{"line":54,"column":7}}]},"4":{"loc":{"start":{"line":59,"column":2},"end":{"line":65,"column":3}},"type":"if","locations":[{"start":{"line":59,"column":2},"end":{"line":65,"column":3}}]}},"s":{"0":0,"1":0,"2":0,"3":0,"4":0,"5":0,"6":0,"7":0,"8":0,"9":0,"10":0,"11":0,"12":0,"13":0,"14":0,"15":0,"16":0,"17":0,"18":0,"19":0,"20":0,"21":0,"22":0,"23":0,"24":0,"25":0,"26":0,"27":0,"28":0,"29":0,"30":0,"31":0,"32":0,"33":0,"34":0,"35":0,"36":0,"37":0,"38":0,"39":0,"40":0,"41":0,"42":0,"43":0,"44":0},"f":{"0":0,"1":0,"2":0,"3":0,"4":0},"b":{"0":[0,0],"1":[0,0],"2":[0],"3":[0],"4":[0]}}
,"P:\\VS CODE\\Main-Project\\Classroom\\src\\Components\\customComponents\\Button\\Button.tsx": {"path":"P:\\VS CODE\\Main-Project\\Classroom\\src\\Components\\customComponents\\Button\\Button.tsx","statementMap":{"0":{"start":{"line":10,"column":42},"end":{"line":14,"column":1}},"1":{"start":{"line":10,"column":48},"end":{"line":10,"column":49}},"2":{"start":{"line":10,"column":55},"end":{"line":10,"column":56}},"3":{"start":{"line":10,"column":64},"end":{"line":10,"column":65}},"4":{"start":{"line":10,"column":74},"end":{"line":10,"column":75}},"5":{"start":{"line":10,"column":82},"end":{"line":10,"column":83}},"6":{"start":{"line":11,"column":2},"end":{"line":13,"column":null}},"7":{"start":{"line":16,"column":0},"end":{"line":16,"column":null}}},"fnMap":{"0":{"name":"(anonymous_0)","decl":{"start":{"line":10,"column":42},"end":{"line":10,"column":43}},"loc":{"start":{"line":10,"column":83},"end":{"line":14,"column":1}}}},"branchMap":{},"s":{"0":1,"1":6,"2":6,"3":6,"4":6,"5":6,"6":6,"7":1},"f":{"0":6},"b":{}}
,"P:\\VS CODE\\Main-Project\\Classroom\\src\\Components\\customComponents\\Toast\\ToastMessage.tsx": {"path":"P:\\VS CODE\\Main-Project\\Classroom\\src\\Components\\customComponents\\Toast\\ToastMessage.tsx","statementMap":{"0":{"start":{"line":1,"column":0},"end":{"line":1,"column":51}},"1":{"start":{"line":9,"column":21},"end":{"line":16,"column":1}},"2":{"start":{"line":9,"column":32},"end":{"line":9,"column":34}},"3":{"start":{"line":9,"column":43},"end":{"line":9,"column":57}},"4":{"start":{"line":10,"column":8},"end":{"line":15,"column":null}},"5":{"start":{"line":18,"column":0},"end":{"line":18,"column":null}}},"fnMap":{"0":{"name":"(anonymous_0)","decl":{"start":{"line":9,"column":21},"end":{"line":9,"column":23}},"loc":{"start":{"line":9,"column":57},"end":{"line":16,"column":1}}}},"branchMap":{},"s":{"0":1,"1":1,"2":1,"3":1,"4":1,"5":1},"f":{"0":1},"b":{}}
,"P:\\VS CODE\\Main-Project\\Classroom\\src\\Config\\config.ts": {"path":"P:\\VS CODE\\Main-Project\\Classroom\\src\\Config\\config.ts","statementMap":{"0":{"start":{"line":1,"column":13},"end":{"line":3,"column":2}},"1":{"start":{"line":5,"column":13},"end":{"line":12,"column":2}}},"fnMap":{},"branchMap":{},"s":{"0":0,"1":0},"f":{},"b":{}}
,"P:\\VS CODE\\Main-Project\\Classroom\\src\\HomePage\\HomePage.tsx": {"path":"P:\\VS CODE\\Main-Project\\Classroom\\src\\HomePage\\HomePage.tsx","statementMap":{"0":{"start":{"line":1,"column":0},"end":{"line":1,"column":51}},"1":{"start":{"line":5,"column":17},"end":{"line":12,"column":1}},"2":{"start":{"line":6,"column":2},"end":{"line":11,"column":null}},"3":{"start":{"line":14,"column":0},"end":{"line":14,"column":24}}},"fnMap":{"0":{"name":"(anonymous_1)","decl":{"start":{"line":5,"column":17},"end":{"line":5,"column":null}},"loc":{"start":{"line":5,"column":17},"end":{"line":12,"column":1}}}},"branchMap":{},"s":{"0":0,"1":0,"2":0,"3":0},"f":{"0":0},"b":{}}
,"P:\\VS CODE\\Main-Project\\Classroom\\src\\HomePage\\Content\\Content.tsx": {"path":"P:\\VS CODE\\Main-Project\\Classroom\\src\\HomePage\\Content\\Content.tsx","statementMap":{"0":{"start":{"line":1,"column":0},"end":{"line":1,"column":54}},"1":{"start":{"line":2,"column":0},"end":{"line":2,"column":68}},"2":{"start":{"line":3,"column":0},"end":{"line":3,"column":23}},"3":{"start":{"line":5,"column":16},"end":{"line":25,"column":1}},"4":{"start":{"line":6,"column":2},"end":{"line":24,"column":null}},"5":{"start":{"line":27,"column":0},"end":{"line":27,"column":null}}},"fnMap":{"0":{"name":"(anonymous_1)","decl":{"start":{"line":5,"column":16},"end":{"line":5,"column":null}},"loc":{"start":{"line":5,"column":16},"end":{"line":25,"column":1}}}},"branchMap":{},"s":{"0":0,"1":0,"2":0,"3":0,"4":0,"5":0},"f":{"0":0},"b":{}}
,"P:\\VS CODE\\Main-Project\\Classroom\\src\\HomePage\\Footer\\Footer.tsx": {"path":"P:\\VS CODE\\Main-Project\\Classroom\\src\\HomePage\\Footer\\Footer.tsx","statementMap":{"0":{"start":{"line":1,"column":0},"end":{"line":1,"column":22}},"1":{"start":{"line":2,"column":0},"end":{"line":2,"column":62}},"2":{"start":{"line":3,"column":0},"end":{"line":3,"column":56}},"3":{"start":{"line":4,"column":0},"end":{"line":4,"column":62}},"4":{"start":{"line":5,"column":0},"end":{"line":5,"column":48}},"5":{"start":{"line":6,"column":0},"end":{"line":6,"column":60}},"6":{"start":{"line":7,"column":0},"end":{"line":7,"column":58}},"7":{"start":{"line":9,"column":15},"end":{"line":31,"column":1}},"8":{"start":{"line":10,"column":2},"end":{"line":30,"column":null}},"9":{"start":{"line":33,"column":0},"end":{"line":33,"column":null}}},"fnMap":{"0":{"name":"(anonymous_1)","decl":{"start":{"line":9,"column":15},"end":{"line":9,"column":null}},"loc":{"start":{"line":9,"column":15},"end":{"line":31,"column":1}}}},"branchMap":{},"s":{"0":0,"1":0,"2":0,"3":0,"4":0,"5":0,"6":0,"7":0,"8":0,"9":0},"f":{"0":0},"b":{}}
,"P:\\VS CODE\\Main-Project\\Classroom\\src\\HomePage\\Header\\Header.tsx": {"path":"P:\\VS CODE\\Main-Project\\Classroom\\src\\HomePage\\Header\\Header.tsx","statementMap":{"0":{"start":{"line":1,"column":0},"end":{"line":1,"column":60}},"1":{"start":{"line":2,"column":0},"end":{"line":2,"column":30}},"2":{"start":{"line":3,"column":0},"end":{"line":3,"column":51}},"3":{"start":{"line":5,"column":15},"end":{"line":34,"column":1}},"4":{"start":{"line":7,"column":19},"end":{"line":7,"column":32}},"5":{"start":{"line":8,"column":15},"end":{"line":8,"column":29}},"6":{"start":{"line":10,"column":19},"end":{"line":14,"column":null}},"7":{"start":{"line":18,"column":2},"end":{"line":33,"column":null}},"8":{"start":{"line":21,"column":49},"end":{"line":21,"column":65}},"9":{"start":{"line":24,"column":35},"end":{"line":30,"column":12}},"10":{"start":{"line":36,"column":0},"end":{"line":36,"column":null}}},"fnMap":{"0":{"name":"(anonymous_1)","decl":{"start":{"line":5,"column":15},"end":{"line":5,"column":null}},"loc":{"start":{"line":5,"column":15},"end":{"line":34,"column":1}}},"1":{"name":"(anonymous_2)","decl":{"start":{"line":21,"column":45},"end":{"line":21,"column":49}},"loc":{"start":{"line":21,"column":45},"end":{"line":21,"column":57}}},"2":{"name":"(anonymous_3)","decl":{"start":{"line":24,"column":24},"end":{"line":24,"column":25}},"loc":{"start":{"line":24,"column":32},"end":{"line":24,"column":null}}}},"branchMap":{},"s":{"0":0,"1":0,"2":0,"3":0,"4":0,"5":0,"6":0,"7":0,"8":0,"9":0,"10":0},"f":{"0":0,"1":0,"2":0},"b":{}}
,"P:\\VS CODE\\Main-Project\\Classroom\\src\\HomePage\\SplashScreen\\SplashScreen.tsx": {"path":"P:\\VS CODE\\Main-Project\\Classroom\\src\\HomePage\\SplashScreen\\SplashScreen.tsx","statementMap":{"0":{"start":{"line":1,"column":0},"end":{"line":1,"column":53}},"1":{"start":{"line":2,"column":0},"end":{"line":2,"column":28}},"2":{"start":{"line":4,"column":21},"end":{"line":12,"column":1}},"3":{"start":{"line":5,"column":2},"end":{"line":11,"column":null}},"4":{"start":{"line":14,"column":0},"end":{"line":14,"column":null}}},"fnMap":{"0":{"name":"(anonymous_1)","decl":{"start":{"line":4,"column":21},"end":{"line":4,"column":null}},"loc":{"start":{"line":4,"column":21},"end":{"line":12,"column":1}}}},"branchMap":{},"s":{"0":0,"1":0,"2":0,"3":0,"4":0},"f":{"0":0},"b":{}}
,"P:\\VS CODE\\Main-Project\\Classroom\\src\\Layouts\\Auth\\AuthLayout.tsx": {"path":"P:\\VS CODE\\Main-Project\\Classroom\\src\\Layouts\\Auth\\AuthLayout.tsx","statementMap":{"0":{"start":{"line":1,"column":0},"end":{"line":1,"column":44}},"1":{"start":{"line":2,"column":0},"end":{"line":2,"column":42}},"2":{"start":{"line":3,"column":0},"end":{"line":3,"column":50}},"3":{"start":{"line":4,"column":0},"end":{"line":4,"column":50}},"4":{"start":{"line":5,"column":0},"end":{"line":5,"column":68}},"5":{"start":{"line":7,"column":19},"end":{"line":31,"column":1}},"6":{"start":{"line":8,"column":36},"end":{"line":8,"column":51}},"7":{"start":{"line":8,"column":18},"end":{"line":8,"column":20}},"8":{"start":{"line":8,"column":32},"end":{"line":8,"column":36}},"9":{"start":{"line":10,"column":2},"end":{"line":16,"column":5}},"10":{"start":{"line":11,"column":18},"end":{"line":13,"column":11}},"11":{"start":{"line":12,"column":6},"end":{"line":12,"column":25}},"12":{"start":{"line":15,"column":4},"end":{"line":15,"column":37}},"13":{"start":{"line":15,"column":17},"end":{"line":15,"column":37}},"14":{"start":{"line":18,"column":2},"end":{"line":30,"column":4}},"15":{"start":{"line":33,"column":0},"end":{"line":33,"column":26}}},"fnMap":{"0":{"name":"(anonymous_1)","decl":{"start":{"line":7,"column":19},"end":{"line":7,"column":null}},"loc":{"start":{"line":7,"column":19},"end":{"line":31,"column":1}}},"1":{"name":"(anonymous_2)","decl":{"start":{"line":10,"column":12},"end":{"line":10,"column":null}},"loc":{"start":{"line":10,"column":12},"end":{"line":16,"column":3}}},"2":{"name":"(anonymous_3)","decl":{"start":{"line":11,"column":29},"end":{"line":11,"column":null}},"loc":{"start":{"line":11,"column":29},"end":{"line":13,"column":5}}},"3":{"name":"(anonymous_4)","decl":{"start":{"line":15,"column":11},"end":{"line":15,"column":17}},"loc":{"start":{"line":15,"column":11},"end":{"line":15,"column":29}}}},"branchMap":{"0":{"loc":{"start":{"line":20,"column":7},"end":{"line":27,"column":null}},"type":"cond-expr","locations":[{"start":{"line":21,"column":8},"end":{"line":21,"column":24}},{"start":{"line":23,"column":8},"end":{"line":26,"column":null}}]}},"s":{"0":0,"1":0,"2":0,"3":0,"4":0,"5":0,"6":0,"7":0,"8":0,"9":0,"10":0,"11":0,"12":0,"13":0,"14":0,"15":0},"f":{"0":0,"1":0,"2":0,"3":0},"b":{"0":[0,0]}}
,"P:\\VS CODE\\Main-Project\\Classroom\\src\\Layouts\\Dashboard\\DashboardLayout.tsx": {"path":"P:\\VS CODE\\Main-Project\\Classroom\\src\\Layouts\\Dashboard\\DashboardLayout.tsx","statementMap":{"0":{"start":{"line":1,"column":0},"end":{"line":1,"column":41}},"1":{"start":{"line":2,"column":0},"end":{"line":2,"column":39}},"2":{"start":{"line":3,"column":0},"end":{"line":3,"column":31}},"3":{"start":{"line":4,"column":0},"end":{"line":4,"column":57}},"4":{"start":{"line":6,"column":24},"end":{"line":14,"column":1}},"5":{"start":{"line":7,"column":2},"end":{"line":13,"column":null}},"6":{"start":{"line":16,"column":0},"end":{"line":16,"column":null}}},"fnMap":{"0":{"name":"(anonymous_1)","decl":{"start":{"line":6,"column":24},"end":{"line":6,"column":null}},"loc":{"start":{"line":6,"column":24},"end":{"line":14,"column":1}}}},"branchMap":{},"s":{"0":0,"1":0,"2":0,"3":0,"4":0,"5":0,"6":0},"f":{"0":0},"b":{}}
,"P:\\VS CODE\\Main-Project\\Classroom\\src\\Layouts\\Dashboard\\Advertisement\\Advertisement.tsx": {"path":"P:\\VS CODE\\Main-Project\\Classroom\\src\\Layouts\\Dashboard\\Advertisement\\Advertisement.tsx","statementMap":{"0":{"start":{"line":1,"column":0},"end":{"line":1,"column":30}},"1":{"start":{"line":2,"column":0},"end":{"line":2,"column":75}},"2":{"start":{"line":3,"column":0},"end":{"line":3,"column":45}},"3":{"start":{"line":4,"column":0},"end":{"line":4,"column":44}},"4":{"start":{"line":5,"column":0},"end":{"line":5,"column":47}},"5":{"start":{"line":6,"column":0},"end":{"line":6,"column":62}},"6":{"start":{"line":14,"column":22},"end":{"line":93,"column":1}},"7":{"start":{"line":15,"column":19},"end":{"line":15,"column":32}},"8":{"start":{"line":16,"column":24},"end":{"line":16,"column":53}},"9":{"start":{"line":16,"column":12},"end":{"line":16,"column":14}},"10":{"start":{"line":16,"column":20},"end":{"line":16,"column":24}},"11":{"start":{"line":17,"column":28},"end":{"line":17,"column":74}},"12":{"start":{"line":17,"column":14},"end":{"line":17,"column":16}},"13":{"start":{"line":17,"column":24},"end":{"line":17,"column":28}},"14":{"start":{"line":18,"column":32},"end":{"line":18,"column":47}},"15":{"start":{"line":18,"column":16},"end":{"line":18,"column":18}},"16":{"start":{"line":18,"column":28},"end":{"line":18,"column":32}},"17":{"start":{"line":20,"column":14},"end":{"line":27,"column":6}},"18":{"start":{"line":21,"column":4},"end":{"line":26,"column":5}},"19":{"start":{"line":22,"column":16},"end":{"line":22,"column":34}},"20":{"start":{"line":23,"column":16},"end":{"line":23,"column":34}},"21":{"start":{"line":24,"column":16},"end":{"line":24,"column":35}},"22":{"start":{"line":25,"column":15},"end":{"line":25,"column":37}},"23":{"start":{"line":29,"column":2},"end":{"line":37,"column":14}},"24":{"start":{"line":30,"column":21},"end":{"line":35,"column":11}},"25":{"start":{"line":31,"column":23},"end":{"line":31,"column":52}},"26":{"start":{"line":32,"column":6},"end":{"line":34,"column":7}},"27":{"start":{"line":33,"column":8},"end":{"line":33,"column":34}},"28":{"start":{"line":36,"column":4},"end":{"line":36,"column":41}},"29":{"start":{"line":36,"column":17},"end":{"line":36,"column":41}},"30":{"start":{"line":39,"column":2},"end":{"line":60,"column":14}},"31":{"start":{"line":40,"column":21},"end":{"line":57,"column":6}},"32":{"start":{"line":42,"column":8},"end":{"line":42,"column":25}},"33":{"start":{"line":43,"column":57},"end":{"line":50,"column":null}},"34":{"start":{"line":43,"column":14},"end":{"line":50,"column":null}},"35":{"start":{"line":51,"column":8},"end":{"line":51,"column":30}},"36":{"start":{"line":53,"column":8},"end":{"line":53,"column":64}},"37":{"start":{"line":55,"column":8},"end":{"line":55,"column":26}},"38":{"start":{"line":59,"column":4},"end":{"line":59,"column":15}},"39":{"start":{"line":62,"column":23},"end":{"line":63,"column":null}},"40":{"start":{"line":63,"column":4},"end":{"line":63,"column":null}},"41":{"start":{"line":66,"column":21},"end":{"line":67,"column":null}},"42":{"start":{"line":67,"column":4},"end":{"line":67,"column":null}},"43":{"start":{"line":70,"column":18},"end":{"line":70,"column":44}},"44":{"start":{"line":72,"column":19},"end":{"line":74,"column":10}},"45":{"start":{"line":76,"column":2},"end":{"line":92,"column":4}},"46":{"start":{"line":95,"column":0},"end":{"line":95,"column":29}}},"fnMap":{"0":{"name":"(anonymous_14)","decl":{"start":{"line":14,"column":22},"end":{"line":14,"column":null}},"loc":{"start":{"line":14,"column":22},"end":{"line":93,"column":1}}},"1":{"name":"(anonymous_15)","decl":{"start":{"line":20,"column":15},"end":{"line":20,"column":null}},"loc":{"start":{"line":20,"column":15},"end":{"line":27,"column":3}}},"2":{"name":"(anonymous_16)","decl":{"start":{"line":29,"column":12},"end":{"line":29,"column":null}},"loc":{"start":{"line":29,"column":12},"end":{"line":37,"column":3}}},"3":{"name":"(anonymous_17)","decl":{"start":{"line":30,"column":33},"end":{"line":30,"column":null}},"loc":{"start":{"line":30,"column":33},"end":{"line":35,"column":5}}},"4":{"name":"(anonymous_18)","decl":{"start":{"line":36,"column":11},"end":{"line":36,"column":17}},"loc":{"start":{"line":36,"column":11},"end":{"line":36,"column":30}}},"5":{"name":"(anonymous_19)","decl":{"start":{"line":39,"column":12},"end":{"line":39,"column":null}},"loc":{"start":{"line":39,"column":12},"end":{"line":60,"column":3}}},"6":{"name":"(anonymous_20)","decl":{"start":{"line":40,"column":21},"end":{"line":40,"column":null}},"loc":{"start":{"line":40,"column":21},"end":{"line":57,"column":6}}},"7":{"name":"(anonymous_23)","decl":{"start":{"line":62,"column":32},"end":{"line":62,"column":33}},"loc":{"start":{"line":62,"column":35},"end":{"line":63,"column":null}}},"8":{"name":"(anonymous_24)","decl":{"start":{"line":66,"column":30},"end":{"line":66,"column":31}},"loc":{"start":{"line":66,"column":33},"end":{"line":67,"column":null}}}},"branchMap":{"0":{"loc":{"start":{"line":17,"column":37},"end":{"line":17,"column":73}},"type":"binary-expr","locations":[{"start":{"line":17,"column":37},"end":{"line":17,"column":66}},{"start":{"line":17,"column":70},"end":{"line":17,"column":73}}]},"1":{"loc":{"start":{"line":21,"column":4},"end":{"line":26,"column":5}},"type":"switch","locations":[{"start":{"line":22,"column":6},"end":{"line":22,"column":34}},{"start":{"line":23,"column":6},"end":{"line":23,"column":34}},{"start":{"line":24,"column":6},"end":{"line":24,"column":35}},{"start":{"line":25,"column":6},"end":{"line":25,"column":37}}]},"2":{"loc":{"start":{"line":32,"column":6},"end":{"line":34,"column":7}},"type":"if","locations":[{"start":{"line":32,"column":6},"end":{"line":34,"column":7}}]},"3":{"loc":{"start":{"line":33,"column":17},"end":{"line":33,"column":32}},"type":"binary-expr","locations":[{"start":{"line":33,"column":17},"end":{"line":33,"column":25}},{"start":{"line":33,"column":29},"end":{"line":33,"column":32}}]},"4":{"loc":{"start":{"line":47,"column":28},"end":{"line":47,"column":73}},"type":"binary-expr","locations":[{"start":{"line":47,"column":28},"end":{"line":47,"column":67}},{"start":{"line":47,"column":71},"end":{"line":47,"column":73}}]},"5":{"loc":{"start":{"line":63,"column":45},"end":{"line":63,"column":75}},"type":"binary-expr","locations":[{"start":{"line":63,"column":45},"end":{"line":63,"column":69}},{"start":{"line":63,"column":73},"end":{"line":63,"column":75}}]},"6":{"loc":{"start":{"line":63,"column":45},"end":{"line":63,"column":69}},"type":"cond-expr","locations":[{"start":{"line":63,"column":54},"end":{"line":63,"column":56}},{"start":{"line":63,"column":54},"end":{"line":63,"column":69}}]},"7":{"loc":{"start":{"line":63,"column":45},"end":{"line":63,"column":56}},"type":"binary-expr","locations":[{"start":{"line":63,"column":45},"end":{"line":63,"column":56}},{"start":{"line":63,"column":54},"end":{"line":63,"column":56}}]},"8":{"loc":{"start":{"line":67,"column":12},"end":{"line":67,"column":36}},"type":"cond-expr","locations":[{"start":{"line":67,"column":21},"end":{"line":67,"column":23}},{"start":{"line":67,"column":21},"end":{"line":67,"column":36}}]},"9":{"loc":{"start":{"line":67,"column":12},"end":{"line":67,"column":23}},"type":"binary-expr","locations":[{"start":{"line":67,"column":12},"end":{"line":67,"column":23}},{"start":{"line":67,"column":21},"end":{"line":67,"column":23}}]},"10":{"loc":{"start":{"line":70,"column":18},"end":{"line":70,"column":44}},"type":"binary-expr","locations":[{"start":{"line":70,"column":18},"end":{"line":70,"column":30}},{"start":{"line":70,"column":34},"end":{"line":70,"column":44}}]},"11":{"loc":{"start":{"line":72,"column":19},"end":{"line":74,"column":10}},"type":"cond-expr","locations":[{"start":{"line":73,"column":6},"end":{"line":73,"column":68}},{"start":{"line":74,"column":6},"end":{"line":74,"column":10}}]},"12":{"loc":{"start":{"line":72,"column":19},"end":{"line":72,"column":33}},"type":"cond-expr","locations":[{"start":{"line":72,"column":26},"end":{"line":72,"column":28}},{"start":{"line":72,"column":19},"end":{"line":72,"column":33}}]},"13":{"loc":{"start":{"line":72,"column":19},"end":{"line":72,"column":28}},"type":"binary-expr","locations":[{"start":{"line":72,"column":19},"end":{"line":72,"column":28}},{"start":{"line":72,"column":19},"end":{"line":72,"column":28}}]},"14":{"loc":{"start":{"line":82,"column":9},"end":{"line":88,"column":null}},"type":"cond-expr","locations":[{"start":{"line":84,"column":10},"end":{"line":85,"column":null}},{"start":{"line":88,"column":10},"end":{"line":88,"column":42}}]},"15":{"loc":{"start":{"line":88,"column":10},"end":{"line":88,"column":42}},"type":"binary-expr","locations":[{"start":{"line":88,"column":10},"end":{"line":88,"column":18}},{"start":{"line":88,"column":22},"end":{"line":88,"column":42}}]}},"s":{"0":0,"1":0,"2":0,"3":0,"4":0,"5":0,"6":0,"7":0,"8":0,"9":0,"10":0,"11":0,"12":0,"13":0,"14":0,"15":0,"16":0,"17":0,"18":0,"19":0,"20":0,"21":0,"22":0,"23":0,"24":0,"25":0,"26":0,"27":0,"28":0,"29":0,"30":0,"31":0,"32":0,"33":0,"34":0,"35":0,"36":0,"37":0,"38":0,"39":0,"40":0,"41":0,"42":0,"43":0,"44":0,"45":0,"46":0},"f":{"0":0,"1":0,"2":0,"3":0,"4":0,"5":0,"6":0,"7":0,"8":0},"b":{"0":[0,0],"1":[0,0,0,0],"2":[0],"3":[0,0],"4":[0,0],"5":[0,0],"6":[0,0],"7":[0,0],"8":[0,0],"9":[0,0],"10":[0,0],"11":[0,0],"12":[0,0],"13":[0,0],"14":[0,0],"15":[0,0]}}
,"P:\\VS CODE\\Main-Project\\Classroom\\src\\Layouts\\Dashboard\\Sidebar\\Sidebar.tsx": {"path":"P:\\VS CODE\\Main-Project\\Classroom\\src\\Layouts\\Dashboard\\Sidebar\\Sidebar.tsx","statementMap":{"0":{"start":{"line":1,"column":0},"end":{"line":1,"column":43}},"1":{"start":{"line":2,"column":0},"end":{"line":2,"column":33}},"2":{"start":{"line":3,"column":0},"end":{"line":3,"column":53}},"3":{"start":{"line":4,"column":0},"end":{"line":4,"column":24}},"4":{"start":{"line":5,"column":0},"end":{"line":5,"column":59}},"5":{"start":{"line":6,"column":0},"end":{"line":6,"column":64}},"6":{"start":{"line":7,"column":0},"end":{"line":7,"column":67}},"7":{"start":{"line":8,"column":0},"end":{"line":8,"column":75}},"8":{"start":{"line":9,"column":0},"end":{"line":9,"column":64}},"9":{"start":{"line":10,"column":0},"end":{"line":10,"column":67}},"10":{"start":{"line":11,"column":0},"end":{"line":11,"column":59}},"11":{"start":{"line":12,"column":0},"end":{"line":12,"column":63}},"12":{"start":{"line":13,"column":0},"end":{"line":13,"column":54}},"13":{"start":{"line":14,"column":0},"end":{"line":14,"column":39}},"14":{"start":{"line":15,"column":0},"end":{"line":15,"column":48}},"15":{"start":{"line":16,"column":0},"end":{"line":16,"column":42}},"16":{"start":{"line":17,"column":0},"end":{"line":17,"column":54}},"17":{"start":{"line":18,"column":0},"end":{"line":18,"column":72}},"18":{"start":{"line":21,"column":16},"end":{"line":101,"column":1}},"19":{"start":{"line":22,"column":30},"end":{"line":22,"column":45}},"20":{"start":{"line":22,"column":15},"end":{"line":22,"column":17}},"21":{"start":{"line":22,"column":26},"end":{"line":22,"column":30}},"22":{"start":{"line":23,"column":36},"end":{"line":23,"column":51}},"23":{"start":{"line":23,"column":18},"end":{"line":23,"column":20}},"24":{"start":{"line":23,"column":32},"end":{"line":23,"column":36}},"25":{"start":{"line":24,"column":33},"end":{"line":24,"column":45}},"26":{"start":{"line":24,"column":17},"end":{"line":24,"column":18}},"27":{"start":{"line":24,"column":29},"end":{"line":24,"column":33}},"28":{"start":{"line":25,"column":19},"end":{"line":25,"column":32}},"29":{"start":{"line":27,"column":22},"end":{"line":34,"column":4}},"30":{"start":{"line":36,"column":23},"end":{"line":43,"column":4}},"31":{"start":{"line":38,"column":6},"end":{"line":38,"column":22}},"32":{"start":{"line":39,"column":6},"end":{"line":39,"column":20}},"33":{"start":{"line":41,"column":6},"end":{"line":41,"column":25}},"34":{"start":{"line":45,"column":22},"end":{"line":45,"column":null}},"35":{"start":{"line":45,"column":28},"end":{"line":57,"column":4}},"36":{"start":{"line":53,"column":60},"end":{"line":53,"column":82}},"37":{"start":{"line":59,"column":16},"end":{"line":59,"column":null}},"38":{"start":{"line":61,"column":2},"end":{"line":100,"column":4}},"39":{"start":{"line":65,"column":10},"end":{"line":70,"column":null}},"40":{"start":{"line":65,"column":61},"end":{"line":70,"column":12}},"41":{"start":{"line":73,"column":55},"end":{"line":73,"column":null}},"42":{"start":{"line":79,"column":48},"end":{"line":79,"column":null}},"43":{"start":{"line":90,"column":35},"end":{"line":95,"column":10}},"44":{"start":{"line":93,"column":96},"end":{"line":93,"column":122}},"45":{"start":{"line":96,"column":28},"end":{"line":96,"column":48}},"46":{"start":{"line":103,"column":0},"end":{"line":103,"column":23}}},"fnMap":{"0":{"name":"(anonymous_14)","decl":{"start":{"line":21,"column":16},"end":{"line":21,"column":null}},"loc":{"start":{"line":21,"column":16},"end":{"line":101,"column":1}}},"1":{"name":"(anonymous_15)","decl":{"start":{"line":36,"column":23},"end":{"line":36,"column":null}},"loc":{"start":{"line":36,"column":23},"end":{"line":43,"column":4}}},"2":{"name":"(anonymous_18)","decl":{"start":{"line":45,"column":22},"end":{"line":45,"column":28}},"loc":{"start":{"line":45,"column":22},"end":{"line":45,"column":null}}},"3":{"name":"(anonymous_19)","decl":{"start":{"line":53,"column":54},"end":{"line":53,"column":60}},"loc":{"start":{"line":53,"column":54},"end":{"line":53,"column":72}}},"4":{"name":"(anonymous_20)","decl":{"start":{"line":64,"column":42},"end":{"line":64,"column":43}},"loc":{"start":{"line":64,"column":51},"end":{"line":70,"column":null}}},"5":{"name":"(anonymous_21)","decl":{"start":{"line":65,"column":47},"end":{"line":65,"column":48}},"loc":{"start":{"line":65,"column":58},"end":{"line":65,"column":null}}},"6":{"name":"(anonymous_22)","decl":{"start":{"line":73,"column":49},"end":{"line":73,"column":55}},"loc":{"start":{"line":73,"column":49},"end":{"line":73,"column":64}}},"7":{"name":"(anonymous_23)","decl":{"start":{"line":79,"column":42},"end":{"line":79,"column":48}},"loc":{"start":{"line":79,"column":42},"end":{"line":79,"column":56}}},"8":{"name":"(anonymous_24)","decl":{"start":{"line":90,"column":25},"end":{"line":90,"column":26}},"loc":{"start":{"line":90,"column":30},"end":{"line":90,"column":null}}},"9":{"name":"(anonymous_25)","decl":{"start":{"line":93,"column":92},"end":{"line":93,"column":96}},"loc":{"start":{"line":93,"column":92},"end":{"line":93,"column":107}}},"10":{"name":"(anonymous_26)","decl":{"start":{"line":96,"column":22},"end":{"line":96,"column":28}},"loc":{"start":{"line":96,"column":22},"end":{"line":96,"column":40}}}},"branchMap":{"0":{"loc":{"start":{"line":62,"column":41},"end":{"line":62,"column":61}},"type":"cond-expr","locations":[{"start":{"line":62,"column":50},"end":{"line":62,"column":56}},{"start":{"line":62,"column":59},"end":{"line":62,"column":61}}]},"1":{"loc":{"start":{"line":64,"column":9},"end":{"line":70,"column":null}},"type":"cond-expr","locations":[{"start":{"line":64,"column":36},"end":{"line":64,"column":38}},{"start":{"line":64,"column":36},"end":{"line":70,"column":null}}]},"2":{"loc":{"start":{"line":64,"column":9},"end":{"line":64,"column":38}},"type":"binary-expr","locations":[{"start":{"line":64,"column":9},"end":{"line":64,"column":38}},{"start":{"line":64,"column":36},"end":{"line":64,"column":38}}]},"3":{"loc":{"start":{"line":64,"column":9},"end":{"line":64,"column":36}},"type":"cond-expr","locations":[{"start":{"line":64,"column":29},"end":{"line":64,"column":31}},{"start":{"line":64,"column":29},"end":{"line":64,"column":36}}]},"4":{"loc":{"start":{"line":64,"column":9},"end":{"line":64,"column":31}},"type":"binary-expr","locations":[{"start":{"line":64,"column":9},"end":{"line":64,"column":31}},{"start":{"line":64,"column":29},"end":{"line":64,"column":31}}]},"5":{"loc":{"start":{"line":64,"column":9},"end":{"line":64,"column":29}},"type":"cond-expr","locations":[{"start":{"line":64,"column":13},"end":{"line":64,"column":15}},{"start":{"line":64,"column":9},"end":{"line":64,"column":29}}]},"6":{"loc":{"start":{"line":64,"column":9},"end":{"line":64,"column":15}},"type":"binary-expr","locations":[{"start":{"line":64,"column":9},"end":{"line":64,"column":15}},{"start":{"line":64,"column":9},"end":{"line":64,"column":15}}]},"7":{"loc":{"start":{"line":65,"column":11},"end":{"line":70,"column":12}},"type":"cond-expr","locations":[{"start":{"line":65,"column":41},"end":{"line":65,"column":43}},{"start":{"line":65,"column":41},"end":{"line":70,"column":12}}]},"8":{"loc":{"start":{"line":65,"column":11},"end":{"line":65,"column":43}},"type":"binary-expr","locations":[{"start":{"line":65,"column":11},"end":{"line":65,"column":43}},{"start":{"line":65,"column":41},"end":{"line":65,"column":43}}]},"9":{"loc":{"start":{"line":65,"column":11},"end":{"line":65,"column":41}},"type":"cond-expr","locations":[{"start":{"line":65,"column":34},"end":{"line":65,"column":36}},{"start":{"line":65,"column":34},"end":{"line":65,"column":41}}]},"10":{"loc":{"start":{"line":65,"column":11},"end":{"line":65,"column":36}},"type":"binary-expr","locations":[{"start":{"line":65,"column":11},"end":{"line":65,"column":36}},{"start":{"line":65,"column":34},"end":{"line":65,"column":36}}]},"11":{"loc":{"start":{"line":65,"column":11},"end":{"line":65,"column":34}},"type":"cond-expr","locations":[{"start":{"line":65,"column":15},"end":{"line":65,"column":17}},{"start":{"line":65,"column":11},"end":{"line":65,"column":34}}]},"12":{"loc":{"start":{"line":65,"column":11},"end":{"line":65,"column":17}},"type":"binary-expr","locations":[{"start":{"line":65,"column":11},"end":{"line":65,"column":17}},{"start":{"line":65,"column":11},"end":{"line":65,"column":17}}]},"13":{"loc":{"start":{"line":93,"column":44},"end":{"line":93,"column":81}},"type":"cond-expr","locations":[{"start":{"line":93,"column":68},"end":{"line":93,"column":76}},{"start":{"line":93,"column":79},"end":{"line":93,"column":81}}]},"14":{"loc":{"start":{"line":97,"column":9},"end":{"line":97,"column":35}},"type":"binary-expr","locations":[{"start":{"line":97,"column":9},"end":{"line":97,"column":18}},{"start":{"line":97,"column":22},"end":{"line":97,"column":35}}]}},"s":{"0":0,"1":0,"2":0,"3":0,"4":0,"5":0,"6":0,"7":0,"8":0,"9":0,"10":0,"11":0,"12":0,"13":0,"14":0,"15":0,"16":0,"17":0,"18":0,"19":0,"20":0,"21":0,"22":0,"23":0,"24":0,"25":0,"26":0,"27":0,"28":0,"29":0,"30":0,"31":0,"32":0,"33":0,"34":0,"35":0,"36":0,"37":0,"38":0,"39":0,"40":0,"41":0,"42":0,"43":0,"44":0,"45":0,"46":0},"f":{"0":0,"1":0,"2":0,"3":0,"4":0,"5":0,"6":0,"7":0,"8":0,"9":0,"10":0},"b":{"0":[0,0],"1":[0,0],"2":[0,0],"3":[0,0],"4":[0,0],"5":[0,0],"6":[0,0],"7":[0,0],"8":[0,0],"9":[0,0],"10":[0,0],"11":[0,0],"12":[0,0],"13":[0,0],"14":[0,0]}}
,"P:\\VS CODE\\Main-Project\\Classroom\\src\\Loader\\Loader.tsx": {"path":"P:\\VS CODE\\Main-Project\\Classroom\\src\\Loader\\Loader.tsx","statementMap":{"0":{"start":{"line":1,"column":0},"end":{"line":1,"column":33}},"1":{"start":{"line":2,"column":0},"end":{"line":2,"column":22}},"2":{"start":{"line":3,"column":0},"end":{"line":3,"column":64}},"3":{"start":{"line":5,"column":15},"end":{"line":11,"column":1}},"4":{"start":{"line":6,"column":2},"end":{"line":10,"column":null}},"5":{"start":{"line":13,"column":0},"end":{"line":13,"column":null}}},"fnMap":{"0":{"name":"(anonymous_1)","decl":{"start":{"line":5,"column":15},"end":{"line":5,"column":null}},"loc":{"start":{"line":5,"column":15},"end":{"line":11,"column":1}}}},"branchMap":{},"s":{"0":0,"1":0,"2":0,"3":0,"4":0,"5":0},"f":{"0":0},"b":{}}
,"P:\\VS CODE\\Main-Project\\Classroom\\src\\Login\\Login.tsx": {"path":"P:\\VS CODE\\Main-Project\\Classroom\\src\\Login\\Login.tsx","statementMap":{"0":{"start":{"line":1,"column":0},"end":{"line":1,"column":32}},"1":{"start":{"line":2,"column":0},"end":{"line":2,"column":55}},"2":{"start":{"line":3,"column":0},"end":{"line":3,"column":46}},"3":{"start":{"line":4,"column":0},"end":{"line":4,"column":46}},"4":{"start":{"line":5,"column":0},"end":{"line":5,"column":41}},"5":{"start":{"line":6,"column":0},"end":{"line":6,"column":76}},"6":{"start":{"line":7,"column":0},"end":{"line":7,"column":21}},"7":{"start":{"line":8,"column":0},"end":{"line":8,"column":65}},"8":{"start":{"line":15,"column":14},"end":{"line":92,"column":1}},"9":{"start":{"line":17,"column":19},"end":{"line":17,"column":32}},"10":{"start":{"line":19,"column":31},"end":{"line":19,"column":46}},"11":{"start":{"line":19,"column":16},"end":{"line":19,"column":17}},"12":{"start":{"line":19,"column":27},"end":{"line":19,"column":31}},"13":{"start":{"line":21,"column":53},"end":{"line":27,"column":4}},"14":{"start":{"line":21,"column":17},"end":{"line":21,"column":18}},"15":{"start":{"line":21,"column":30},"end":{"line":21,"column":42}},"16":{"start":{"line":21,"column":48},"end":{"line":21,"column":53}},"17":{"start":{"line":29,"column":43},"end":{"line":44,"column":null}},"18":{"start":{"line":29,"column":55},"end":{"line":44,"column":null}},"19":{"start":{"line":30,"column":4},"end":{"line":30,"column":21}},"20":{"start":{"line":31,"column":11},"end":{"line":31,"column":32}},"21":{"start":{"line":33,"column":7},"end":{"line":36,"column":null}},"22":{"start":{"line":37,"column":6},"end":{"line":37,"column":null}},"23":{"start":{"line":40,"column":6},"end":{"line":40,"column":86}},"24":{"start":{"line":41,"column":6},"end":{"line":41,"column":25}},"25":{"start":{"line":43,"column":4},"end":{"line":43,"column":null}},"26":{"start":{"line":45,"column":2},"end":{"line":91,"column":null}},"27":{"start":{"line":94,"column":0},"end":{"line":94,"column":null}}},"fnMap":{"0":{"name":"(anonymous_16)","decl":{"start":{"line":15,"column":14},"end":{"line":15,"column":null}},"loc":{"start":{"line":15,"column":14},"end":{"line":92,"column":1}}},"1":{"name":"(anonymous_17)","decl":{"start":{"line":29,"column":43},"end":{"line":29,"column":49}},"loc":{"start":{"line":29,"column":55},"end":{"line":44,"column":null}}},"2":{"name":"(anonymous_18)","decl":{"start":{"line":29,"column":55},"end":{"line":29,"column":null}},"loc":{"start":{"line":29,"column":55},"end":{"line":44,"column":null}}}},"branchMap":{"0":{"loc":{"start":{"line":66,"column":17},"end":{"line":66,"column":88}},"type":"binary-expr","locations":[{"start":{"line":66,"column":17},"end":{"line":66,"column":32}},{"start":{"line":66,"column":36},"end":{"line":66,"column":88}}]},"1":{"loc":{"start":{"line":78,"column":17},"end":{"line":78,"column":88}},"type":"binary-expr","locations":[{"start":{"line":78,"column":17},"end":{"line":78,"column":32}},{"start":{"line":78,"column":36},"end":{"line":78,"column":88}}]}},"s":{"0":0,"1":0,"2":0,"3":0,"4":0,"5":0,"6":0,"7":0,"8":0,"9":0,"10":0,"11":0,"12":0,"13":0,"14":0,"15":0,"16":0,"17":0,"18":0,"19":0,"20":0,"21":0,"22":0,"23":0,"24":0,"25":0,"26":0,"27":0},"f":{"0":0,"1":0,"2":0},"b":{"0":[0,0],"1":[0,0]}}
,"P:\\VS CODE\\Main-Project\\Classroom\\src\\NoDataFound\\NoDataFound.tsx": {"path":"P:\\VS CODE\\Main-Project\\Classroom\\src\\NoDataFound\\NoDataFound.tsx","statementMap":{"0":{"start":{"line":1,"column":0},"end":{"line":1,"column":27}},"1":{"start":{"line":3,"column":20},"end":{"line":9,"column":1}},"2":{"start":{"line":4,"column":2},"end":{"line":8,"column":null}},"3":{"start":{"line":11,"column":0},"end":{"line":11,"column":null}}},"fnMap":{"0":{"name":"(anonymous_0)","decl":{"start":{"line":3,"column":20},"end":{"line":3,"column":null}},"loc":{"start":{"line":3,"column":20},"end":{"line":9,"column":1}}}},"branchMap":{},"s":{"0":0,"1":0,"2":0,"3":0},"f":{"0":0},"b":{}}
,"P:\\VS CODE\\Main-Project\\Classroom\\src\\Pages\\Admin\\AdminDashboard.tsx": {"path":"P:\\VS CODE\\Main-Project\\Classroom\\src\\Pages\\Admin\\AdminDashboard.tsx","statementMap":{"0":{"start":{"line":1,"column":0},"end":{"line":1,"column":32}},"1":{"start":{"line":2,"column":0},"end":{"line":2,"column":37}},"2":{"start":{"line":3,"column":0},"end":{"line":3,"column":49}},"3":{"start":{"line":4,"column":0},"end":{"line":4,"column":41}},"4":{"start":{"line":5,"column":0},"end":{"line":5,"column":47}},"5":{"start":{"line":6,"column":0},"end":{"line":6,"column":56}},"6":{"start":{"line":9,"column":23},"end":{"line":48,"column":1}},"7":{"start":{"line":10,"column":37},"end":{"line":10,"column":57}},"8":{"start":{"line":10,"column":19},"end":{"line":10,"column":20}},"9":{"start":{"line":10,"column":33},"end":{"line":10,"column":37}},"10":{"start":{"line":12,"column":26},"end":{"line":23,"column":3}},"11":{"start":{"line":13,"column":4},"end":{"line":22,"column":5}},"12":{"start":{"line":15,"column":8},"end":{"line":15,"column":null}},"13":{"start":{"line":17,"column":8},"end":{"line":17,"column":null}},"14":{"start":{"line":19,"column":8},"end":{"line":19,"column":null}},"15":{"start":{"line":21,"column":8},"end":{"line":21,"column":null}},"16":{"start":{"line":24,"column":21},"end":{"line":29,"column":3}},"17":{"start":{"line":25,"column":4},"end":{"line":25,"column":37}},"18":{"start":{"line":26,"column":4},"end":{"line":26,"column":25}},"19":{"start":{"line":27,"column":4},"end":{"line":27,"column":43}},"20":{"start":{"line":32,"column":2},"end":{"line":47,"column":null}},"21":{"start":{"line":36,"column":24},"end":{"line":36,"column":52}},"22":{"start":{"line":37,"column":24},"end":{"line":37,"column":52}},"23":{"start":{"line":38,"column":24},"end":{"line":38,"column":53}},"24":{"start":{"line":39,"column":24},"end":{"line":39,"column":56}},"25":{"start":{"line":50,"column":0},"end":{"line":50,"column":null}}},"fnMap":{"0":{"name":"(anonymous_1)","decl":{"start":{"line":9,"column":23},"end":{"line":9,"column":null}},"loc":{"start":{"line":9,"column":23},"end":{"line":48,"column":1}}},"1":{"name":"(anonymous_2)","decl":{"start":{"line":12,"column":26},"end":{"line":12,"column":null}},"loc":{"start":{"line":12,"column":26},"end":{"line":23,"column":3}}},"2":{"name":"(anonymous_3)","decl":{"start":{"line":24,"column":21},"end":{"line":24,"column":22}},"loc":{"start":{"line":24,"column":47},"end":{"line":29,"column":3}}},"3":{"name":"(anonymous_4)","decl":{"start":{"line":36,"column":20},"end":{"line":36,"column":24}},"loc":{"start":{"line":36,"column":20},"end":{"line":36,"column":36}}},"4":{"name":"(anonymous_5)","decl":{"start":{"line":37,"column":20},"end":{"line":37,"column":24}},"loc":{"start":{"line":37,"column":20},"end":{"line":37,"column":36}}},"5":{"name":"(anonymous_6)","decl":{"start":{"line":38,"column":20},"end":{"line":38,"column":24}},"loc":{"start":{"line":38,"column":20},"end":{"line":38,"column":36}}},"6":{"name":"(anonymous_7)","decl":{"start":{"line":39,"column":20},"end":{"line":39,"column":24}},"loc":{"start":{"line":39,"column":20},"end":{"line":39,"column":36}}}},"branchMap":{"0":{"loc":{"start":{"line":13,"column":4},"end":{"line":22,"column":5}},"type":"switch","locations":[{"start":{"line":14,"column":6},"end":{"line":15,"column":null}},{"start":{"line":16,"column":6},"end":{"line":17,"column":null}},{"start":{"line":18,"column":6},"end":{"line":19,"column":null}},{"start":{"line":20,"column":6},"end":{"line":21,"column":null}}]},"1":{"loc":{"start":{"line":36,"column":63},"end":{"line":36,"column":99}},"type":"cond-expr","locations":[{"start":{"line":36,"column":88},"end":{"line":36,"column":96}},{"start":{"line":36,"column":97},"end":{"line":36,"column":99}}]},"2":{"loc":{"start":{"line":37,"column":63},"end":{"line":37,"column":99}},"type":"cond-expr","locations":[{"start":{"line":37,"column":88},"end":{"line":37,"column":96}},{"start":{"line":37,"column":97},"end":{"line":37,"column":99}}]},"3":{"loc":{"start":{"line":38,"column":64},"end":{"line":38,"column":101}},"type":"cond-expr","locations":[{"start":{"line":38,"column":90},"end":{"line":38,"column":98}},{"start":{"line":38,"column":99},"end":{"line":38,"column":101}}]},"4":{"loc":{"start":{"line":39,"column":67},"end":{"line":39,"column":107}},"type":"cond-expr","locations":[{"start":{"line":39,"column":96},"end":{"line":39,"column":104}},{"start":{"line":39,"column":105},"end":{"line":39,"column":107}}]}},"s":{"0":0,"1":0,"2":0,"3":0,"4":0,"5":0,"6":0,"7":0,"8":0,"9":0,"10":0,"11":0,"12":0,"13":0,"14":0,"15":0,"16":0,"17":0,"18":0,"19":0,"20":0,"21":0,"22":0,"23":0,"24":0,"25":0},"f":{"0":0,"1":0,"2":0,"3":0,"4":0,"5":0,"6":0},"b":{"0":[0,0,0,0],"1":[0,0],"2":[0,0],"3":[0,0],"4":[0,0]}}
,"P:\\VS CODE\\Main-Project\\Classroom\\src\\Pages\\Admin\\AdminHelp.tsx": {"path":"P:\\VS CODE\\Main-Project\\Classroom\\src\\Pages\\Admin\\AdminHelp.tsx","statementMap":{"0":{"start":{"line":1,"column":0},"end":{"line":1,"column":33}},"1":{"start":{"line":2,"column":18},"end":{"line":8,"column":1}},"2":{"start":{"line":3,"column":2},"end":{"line":7,"column":null}},"3":{"start":{"line":10,"column":0},"end":{"line":10,"column":null}}},"fnMap":{"0":{"name":"(anonymous_0)","decl":{"start":{"line":2,"column":18},"end":{"line":2,"column":null}},"loc":{"start":{"line":2,"column":18},"end":{"line":8,"column":1}}}},"branchMap":{},"s":{"0":0,"1":0,"2":0,"3":0},"f":{"0":0},"b":{}}
,"P:\\VS CODE\\Main-Project\\Classroom\\src\\Pages\\Admin\\AdminNotification.tsx": {"path":"P:\\VS CODE\\Main-Project\\Classroom\\src\\Pages\\Admin\\AdminNotification.tsx","statementMap":{"0":{"start":{"line":1,"column":0},"end":{"line":1,"column":33}},"1":{"start":{"line":2,"column":26},"end":{"line":8,"column":1}},"2":{"start":{"line":3,"column":2},"end":{"line":7,"column":null}},"3":{"start":{"line":10,"column":0},"end":{"line":10,"column":null}}},"fnMap":{"0":{"name":"(anonymous_0)","decl":{"start":{"line":2,"column":26},"end":{"line":2,"column":null}},"loc":{"start":{"line":2,"column":26},"end":{"line":8,"column":1}}}},"branchMap":{},"s":{"0":0,"1":0,"2":0,"3":0},"f":{"0":0},"b":{}}
,"P:\\VS CODE\\Main-Project\\Classroom\\src\\Pages\\Admin\\AdminSettings.tsx": {"path":"P:\\VS CODE\\Main-Project\\Classroom\\src\\Pages\\Admin\\AdminSettings.tsx","statementMap":{"0":{"start":{"line":1,"column":0},"end":{"line":1,"column":33}},"1":{"start":{"line":2,"column":22},"end":{"line":8,"column":1}},"2":{"start":{"line":3,"column":2},"end":{"line":7,"column":null}},"3":{"start":{"line":10,"column":0},"end":{"line":10,"column":null}}},"fnMap":{"0":{"name":"(anonymous_0)","decl":{"start":{"line":2,"column":22},"end":{"line":2,"column":null}},"loc":{"start":{"line":2,"column":22},"end":{"line":8,"column":1}}}},"branchMap":{},"s":{"0":0,"1":0,"2":0,"3":0},"f":{"0":0},"b":{}}
,"P:\\VS CODE\\Main-Project\\Classroom\\src\\Pages\\Admin\\AdminSystemMessages.tsx": {"path":"P:\\VS CODE\\Main-Project\\Classroom\\src\\Pages\\Admin\\AdminSystemMessages.tsx","statementMap":{"0":{"start":{"line":1,"column":0},"end":{"line":1,"column":33}},"1":{"start":{"line":2,"column":28},"end":{"line":8,"column":1}},"2":{"start":{"line":3,"column":2},"end":{"line":7,"column":null}},"3":{"start":{"line":10,"column":0},"end":{"line":10,"column":null}}},"fnMap":{"0":{"name":"(anonymous_0)","decl":{"start":{"line":2,"column":28},"end":{"line":2,"column":null}},"loc":{"start":{"line":2,"column":28},"end":{"line":8,"column":1}}}},"branchMap":{},"s":{"0":0,"1":0,"2":0,"3":0},"f":{"0":0},"b":{}}
,"P:\\VS CODE\\Main-Project\\Classroom\\src\\Pages\\Admin\\AdminWorkshop.tsx": {"path":"P:\\VS CODE\\Main-Project\\Classroom\\src\\Pages\\Admin\\AdminWorkshop.tsx","statementMap":{"0":{"start":{"line":1,"column":0},"end":{"line":1,"column":33}},"1":{"start":{"line":2,"column":22},"end":{"line":8,"column":1}},"2":{"start":{"line":3,"column":2},"end":{"line":7,"column":null}},"3":{"start":{"line":10,"column":0},"end":{"line":10,"column":null}}},"fnMap":{"0":{"name":"(anonymous_0)","decl":{"start":{"line":2,"column":22},"end":{"line":2,"column":null}},"loc":{"start":{"line":2,"column":22},"end":{"line":8,"column":1}}}},"branchMap":{},"s":{"0":0,"1":0,"2":0,"3":0},"f":{"0":0},"b":{}}
,"P:\\VS CODE\\Main-Project\\Classroom\\src\\Pages\\Announcement\\Announcement.tsx": {"path":"P:\\VS CODE\\Main-Project\\Classroom\\src\\Pages\\Announcement\\Announcement.tsx","statementMap":{"0":{"start":{"line":1,"column":0},"end":{"line":1,"column":29}},"1":{"start":{"line":2,"column":21},"end":{"line":6,"column":1}},"2":{"start":{"line":3,"column":2},"end":{"line":5,"column":null}},"3":{"start":{"line":8,"column":0},"end":{"line":8,"column":null}}},"fnMap":{"0":{"name":"(anonymous_0)","decl":{"start":{"line":2,"column":21},"end":{"line":2,"column":null}},"loc":{"start":{"line":2,"column":21},"end":{"line":6,"column":1}}}},"branchMap":{},"s":{"0":0,"1":0,"2":0,"3":0},"f":{"0":0},"b":{}}
,"P:\\VS CODE\\Main-Project\\Classroom\\src\\Pages\\Classroom\\Classroom.tsx": {"path":"P:\\VS CODE\\Main-Project\\Classroom\\src\\Pages\\Classroom\\Classroom.tsx","statementMap":{"0":{"start":{"line":1,"column":0},"end":{"line":1,"column":25}},"1":{"start":{"line":3,"column":18},"end":{"line":7,"column":1}},"2":{"start":{"line":4,"column":2},"end":{"line":6,"column":null}},"3":{"start":{"line":9,"column":0},"end":{"line":9,"column":null}}},"fnMap":{"0":{"name":"(anonymous_0)","decl":{"start":{"line":3,"column":18},"end":{"line":3,"column":null}},"loc":{"start":{"line":3,"column":18},"end":{"line":7,"column":1}}}},"branchMap":{},"s":{"0":0,"1":0,"2":0,"3":0},"f":{"0":0},"b":{}}
,"P:\\VS CODE\\Main-Project\\Classroom\\src\\Pages\\School\\CustomizeSchool.tsx": {"path":"P:\\VS CODE\\Main-Project\\Classroom\\src\\Pages\\School\\CustomizeSchool.tsx","statementMap":{"0":{"start":{"line":1,"column":0},"end":{"line":1,"column":41}},"1":{"start":{"line":2,"column":0},"end":{"line":2,"column":43}},"2":{"start":{"line":3,"column":0},"end":{"line":3,"column":54}},"3":{"start":{"line":4,"column":0},"end":{"line":4,"column":54}},"4":{"start":{"line":5,"column":0},"end":{"line":5,"column":50}},"5":{"start":{"line":6,"column":0},"end":{"line":6,"column":55}},"6":{"start":{"line":7,"column":0},"end":{"line":7,"column":31}},"7":{"start":{"line":8,"column":0},"end":{"line":8,"column":85}},"8":{"start":{"line":9,"column":0},"end":{"line":9,"column":79}},"9":{"start":{"line":10,"column":0},"end":{"line":10,"column":68}},"10":{"start":{"line":22,"column":24},"end":{"line":132,"column":1}},"11":{"start":{"line":23,"column":36},"end":{"line":23,"column":51}},"12":{"start":{"line":23,"column":18},"end":{"line":23,"column":20}},"13":{"start":{"line":23,"column":32},"end":{"line":23,"column":36}},"14":{"start":{"line":24,"column":37},"end":{"line":24,"column":null}},"15":{"start":{"line":25,"column":28},"end":{"line":25,"column":50}},"16":{"start":{"line":25,"column":14},"end":{"line":25,"column":17}},"17":{"start":{"line":25,"column":24},"end":{"line":25,"column":28}},"18":{"start":{"line":26,"column":29},"end":{"line":26,"column":43}},"19":{"start":{"line":26,"column":15},"end":{"line":26,"column":16}},"20":{"start":{"line":26,"column":25},"end":{"line":26,"column":29}},"21":{"start":{"line":27,"column":44},"end":{"line":27,"column":63}},"22":{"start":{"line":27,"column":18},"end":{"line":27,"column":20}},"23":{"start":{"line":27,"column":32},"end":{"line":27,"column":34}},"24":{"start":{"line":27,"column":39},"end":{"line":27,"column":44}},"25":{"start":{"line":29,"column":2},"end":{"line":44,"column":null}},"26":{"start":{"line":30,"column":4},"end":{"line":43,"column":5}},"27":{"start":{"line":31,"column":19},"end":{"line":31,"column":47}},"28":{"start":{"line":32,"column":26},"end":{"line":32,"column":57}},"29":{"start":{"line":34,"column":6},"end":{"line":42,"column":null}},"30":{"start":{"line":46,"column":19},"end":{"line":64,"column":null}},"31":{"start":{"line":46,"column":44},"end":{"line":64,"column":null}},"32":{"start":{"line":47,"column":10},"end":{"line":53,"column":null}},"33":{"start":{"line":56,"column":23},"end":{"line":56,"column":null}},"34":{"start":{"line":56,"column":12},"end":{"line":56,"column":null}},"35":{"start":{"line":57,"column":6},"end":{"line":57,"column":null}},"36":{"start":{"line":58,"column":6},"end":{"line":58,"column":null}},"37":{"start":{"line":59,"column":6},"end":{"line":59,"column":null}},"38":{"start":{"line":61,"column":6},"end":{"line":61,"column":null}},"39":{"start":{"line":63,"column":4},"end":{"line":63,"column":null}},"40":{"start":{"line":67,"column":2},"end":{"line":131,"column":null}},"41":{"start":{"line":73,"column":89},"end":{"line":73,"column":110}},"42":{"start":{"line":81,"column":25},"end":{"line":81,"column":null}},"43":{"start":{"line":134,"column":0},"end":{"line":134,"column":null}}},"fnMap":{"0":{"name":"(anonymous_16)","decl":{"start":{"line":22,"column":24},"end":{"line":22,"column":null}},"loc":{"start":{"line":22,"column":24},"end":{"line":132,"column":1}}},"1":{"name":"(anonymous_17)","decl":{"start":{"line":29,"column":12},"end":{"line":29,"column":null}},"loc":{"start":{"line":29,"column":12},"end":{"line":44,"column":3}}},"2":{"name":"(anonymous_18)","decl":{"start":{"line":46,"column":19},"end":{"line":46,"column":26}},"loc":{"start":{"line":46,"column":44},"end":{"line":64,"column":null}}},"3":{"name":"(anonymous_19)","decl":{"start":{"line":46,"column":44},"end":{"line":46,"column":null}},"loc":{"start":{"line":46,"column":44},"end":{"line":64,"column":null}}},"4":{"name":"(anonymous_21)","decl":{"start":{"line":73,"column":83},"end":{"line":73,"column":89}},"loc":{"start":{"line":73,"column":83},"end":{"line":73,"column":101}}},"5":{"name":"(anonymous_22)","decl":{"start":{"line":81,"column":19},"end":{"line":81,"column":25}},"loc":{"start":{"line":81,"column":19},"end":{"line":81,"column":null}}}},"branchMap":{"0":{"loc":{"start":{"line":30,"column":4},"end":{"line":43,"column":5}},"type":"if","locations":[{"start":{"line":30,"column":4},"end":{"line":43,"column":5}}]},"1":{"loc":{"start":{"line":35,"column":20},"end":{"line":35,"column":45}},"type":"cond-expr","locations":[{"start":{"line":35,"column":39},"end":{"line":35,"column":43}},{"start":{"line":35,"column":43},"end":{"line":35,"column":45}}]},"2":{"loc":{"start":{"line":35,"column":20},"end":{"line":35,"column":43}},"type":"binary-expr","locations":[{"start":{"line":35,"column":20},"end":{"line":35,"column":43}},{"start":{"line":35,"column":39},"end":{"line":35,"column":43}}]},"3":{"loc":{"start":{"line":35,"column":20},"end":{"line":35,"column":39}},"type":"cond-expr","locations":[{"start":{"line":35,"column":31},"end":{"line":35,"column":33}},{"start":{"line":35,"column":20},"end":{"line":35,"column":39}}]},"4":{"loc":{"start":{"line":35,"column":20},"end":{"line":35,"column":33}},"type":"binary-expr","locations":[{"start":{"line":35,"column":20},"end":{"line":35,"column":33}},{"start":{"line":35,"column":20},"end":{"line":35,"column":33}}]},"5":{"loc":{"start":{"line":36,"column":15},"end":{"line":36,"column":43}},"type":"cond-expr","locations":[{"start":{"line":36,"column":37},"end":{"line":36,"column":41}},{"start":{"line":36,"column":41},"end":{"line":36,"column":43}}]},"6":{"loc":{"start":{"line":36,"column":15},"end":{"line":36,"column":41}},"type":"binary-expr","locations":[{"start":{"line":36,"column":15},"end":{"line":36,"column":41}},{"start":{"line":36,"column":37},"end":{"line":36,"column":41}}]},"7":{"loc":{"start":{"line":36,"column":15},"end":{"line":36,"column":37}},"type":"cond-expr","locations":[{"start":{"line":36,"column":26},"end":{"line":36,"column":28}},{"start":{"line":36,"column":15},"end":{"line":36,"column":37}}]},"8":{"loc":{"start":{"line":36,"column":15},"end":{"line":36,"column":28}},"type":"binary-expr","locations":[{"start":{"line":36,"column":15},"end":{"line":36,"column":28}},{"start":{"line":36,"column":15},"end":{"line":36,"column":28}}]},"9":{"loc":{"start":{"line":37,"column":17},"end":{"line":37,"column":45}},"type":"cond-expr","locations":[{"start":{"line":37,"column":39},"end":{"line":37,"column":43}},{"start":{"line":37,"column":43},"end":{"line":37,"column":45}}]},"10":{"loc":{"start":{"line":37,"column":17},"end":{"line":37,"column":43}},"type":"binary-expr","locations":[{"start":{"line":37,"column":17},"end":{"line":37,"column":43}},{"start":{"line":37,"column":39},"end":{"line":37,"column":43}}]},"11":{"loc":{"start":{"line":37,"column":17},"end":{"line":37,"column":39}},"type":"cond-expr","locations":[{"start":{"line":37,"column":28},"end":{"line":37,"column":30}},{"start":{"line":37,"column":17},"end":{"line":37,"column":39}}]},"12":{"loc":{"start":{"line":37,"column":17},"end":{"line":37,"column":30}},"type":"binary-expr","locations":[{"start":{"line":37,"column":17},"end":{"line":37,"column":30}},{"start":{"line":37,"column":17},"end":{"line":37,"column":30}}]},"13":{"loc":{"start":{"line":38,"column":21},"end":{"line":38,"column":53}},"type":"cond-expr","locations":[{"start":{"line":38,"column":47},"end":{"line":38,"column":51}},{"start":{"line":38,"column":51},"end":{"line":38,"column":53}}]},"14":{"loc":{"start":{"line":38,"column":21},"end":{"line":38,"column":51}},"type":"binary-expr","locations":[{"start":{"line":38,"column":21},"end":{"line":38,"column":51}},{"start":{"line":38,"column":47},"end":{"line":38,"column":51}}]},"15":{"loc":{"start":{"line":38,"column":21},"end":{"line":38,"column":47}},"type":"cond-expr","locations":[{"start":{"line":38,"column":32},"end":{"line":38,"column":34}},{"start":{"line":38,"column":21},"end":{"line":38,"column":47}}]},"16":{"loc":{"start":{"line":38,"column":21},"end":{"line":38,"column":34}},"type":"binary-expr","locations":[{"start":{"line":38,"column":21},"end":{"line":38,"column":34}},{"start":{"line":38,"column":21},"end":{"line":38,"column":34}}]},"17":{"loc":{"start":{"line":39,"column":18},"end":{"line":39,"column":39}},"type":"cond-expr","locations":[{"start":{"line":39,"column":33},"end":{"line":39,"column":37}},{"start":{"line":39,"column":37},"end":{"line":39,"column":39}}]},"18":{"loc":{"start":{"line":39,"column":18},"end":{"line":39,"column":37}},"type":"binary-expr","locations":[{"start":{"line":39,"column":18},"end":{"line":39,"column":37}},{"start":{"line":39,"column":33},"end":{"line":39,"column":37}}]},"19":{"loc":{"start":{"line":39,"column":18},"end":{"line":39,"column":33}},"type":"cond-expr","locations":[{"start":{"line":39,"column":22},"end":{"line":39,"column":24}},{"start":{"line":39,"column":18},"end":{"line":39,"column":33}}]},"20":{"loc":{"start":{"line":39,"column":18},"end":{"line":39,"column":24}},"type":"binary-expr","locations":[{"start":{"line":39,"column":18},"end":{"line":39,"column":24}},{"start":{"line":39,"column":18},"end":{"line":39,"column":24}}]},"21":{"loc":{"start":{"line":40,"column":48},"end":{"line":40,"column":73}},"type":"cond-expr","locations":[{"start":{"line":40,"column":67},"end":{"line":40,"column":71}},{"start":{"line":40,"column":71},"end":{"line":40,"column":73}}]},"22":{"loc":{"start":{"line":40,"column":48},"end":{"line":40,"column":71}},"type":"binary-expr","locations":[{"start":{"line":40,"column":48},"end":{"line":40,"column":71}},{"start":{"line":40,"column":67},"end":{"line":40,"column":71}}]},"23":{"loc":{"start":{"line":40,"column":48},"end":{"line":40,"column":67}},"type":"cond-expr","locations":[{"start":{"line":40,"column":52},"end":{"line":40,"column":54}},{"start":{"line":40,"column":48},"end":{"line":40,"column":67}}]},"24":{"loc":{"start":{"line":40,"column":48},"end":{"line":40,"column":54}},"type":"binary-expr","locations":[{"start":{"line":40,"column":48},"end":{"line":40,"column":54}},{"start":{"line":40,"column":48},"end":{"line":40,"column":54}}]},"25":{"loc":{"start":{"line":41,"column":17},"end":{"line":41,"column":41}},"type":"cond-expr","locations":[{"start":{"line":41,"column":28},"end":{"line":41,"column":30}},{"start":{"line":41,"column":17},"end":{"line":41,"column":41}}]},"26":{"loc":{"start":{"line":41,"column":17},"end":{"line":41,"column":30}},"type":"binary-expr","locations":[{"start":{"line":41,"column":17},"end":{"line":41,"column":30}},{"start":{"line":41,"column":17},"end":{"line":41,"column":30}}]},"27":{"loc":{"start":{"line":51,"column":19},"end":{"line":51,"column":83}},"type":"cond-expr","locations":[{"start":{"line":51,"column":49},"end":{"line":51,"column":53}},{"start":{"line":51,"column":56},"end":{"line":51,"column":83}}]},"28":{"loc":{"start":{"line":52,"column":28},"end":{"line":52,"column":49}},"type":"binary-expr","locations":[{"start":{"line":52,"column":28},"end":{"line":52,"column":43}},{"start":{"line":52,"column":47},"end":{"line":52,"column":49}}]},"29":{"loc":{"start":{"line":72,"column":45},"end":{"line":72,"column":72}},"type":"cond-expr","locations":[{"start":{"line":72,"column":55},"end":{"line":72,"column":61}},{"start":{"line":72,"column":62},"end":{"line":72,"column":72}}]},"30":{"loc":{"start":{"line":73,"column":45},"end":{"line":73,"column":72}},"type":"cond-expr","locations":[{"start":{"line":73,"column":55},"end":{"line":73,"column":65}},{"start":{"line":73,"column":66},"end":{"line":73,"column":72}}]},"31":{"loc":{"start":{"line":81,"column":25},"end":{"line":81,"column":70}},"type":"cond-expr","locations":[{"start":{"line":81,"column":61},"end":{"line":81,"column":63}},{"start":{"line":81,"column":61},"end":{"line":81,"column":70}}]},"32":{"loc":{"start":{"line":81,"column":25},"end":{"line":81,"column":63}},"type":"binary-expr","locations":[{"start":{"line":81,"column":25},"end":{"line":81,"column":63}},{"start":{"line":81,"column":61},"end":{"line":81,"column":63}}]},"33":{"loc":{"start":{"line":90,"column":56},"end":{"line":90,"column":86}},"type":"cond-expr","locations":[{"start":{"line":90,"column":66},"end":{"line":90,"column":75}},{"start":{"line":90,"column":76},"end":{"line":90,"column":86}}]},"34":{"loc":{"start":{"line":95,"column":51},"end":{"line":95,"column":79}},"type":"cond-expr","locations":[{"start":{"line":95,"column":61},"end":{"line":95,"column":68}},{"start":{"line":95,"column":69},"end":{"line":95,"column":79}}]},"35":{"loc":{"start":{"line":100,"column":53},"end":{"line":100,"column":81}},"type":"cond-expr","locations":[{"start":{"line":100,"column":63},"end":{"line":100,"column":70}},{"start":{"line":100,"column":71},"end":{"line":100,"column":81}}]},"36":{"loc":{"start":{"line":105,"column":41},"end":{"line":105,"column":69}},"type":"cond-expr","locations":[{"start":{"line":105,"column":51},"end":{"line":105,"column":58}},{"start":{"line":105,"column":59},"end":{"line":105,"column":69}}]},"37":{"loc":{"start":{"line":114,"column":23},"end":{"line":114,"column":51}},"type":"cond-expr","locations":[{"start":{"line":114,"column":33},"end":{"line":114,"column":40}},{"start":{"line":114,"column":41},"end":{"line":114,"column":51}}]},"38":{"loc":{"start":{"line":124,"column":23},"end":{"line":124,"column":51}},"type":"cond-expr","locations":[{"start":{"line":124,"column":33},"end":{"line":124,"column":40}},{"start":{"line":124,"column":41},"end":{"line":124,"column":51}}]}},"s":{"0":0,"1":0,"2":0,"3":0,"4":0,"5":0,"6":0,"7":0,"8":0,"9":0,"10":0,"11":0,"12":0,"13":0,"14":0,"15":0,"16":0,"17":0,"18":0,"19":0,"20":0,"21":0,"22":0,"23":0,"24":0,"25":0,"26":0,"27":0,"28":0,"29":0,"30":0,"31":0,"32":0,"33":0,"34":0,"35":0,"36":0,"37":0,"38":0,"39":0,"40":0,"41":0,"42":0,"43":0},"f":{"0":0,"1":0,"2":0,"3":0,"4":0,"5":0},"b":{"0":[0],"1":[0,0],"2":[0,0],"3":[0,0],"4":[0,0],"5":[0,0],"6":[0,0],"7":[0,0],"8":[0,0],"9":[0,0],"10":[0,0],"11":[0,0],"12":[0,0],"13":[0,0],"14":[0,0],"15":[0,0],"16":[0,0],"17":[0,0],"18":[0,0],"19":[0,0],"20":[0,0],"21":[0,0],"22":[0,0],"23":[0,0],"24":[0,0],"25":[0,0],"26":[0,0],"27":[0,0],"28":[0,0],"29":[0,0],"30":[0,0],"31":[0,0],"32":[0,0],"33":[0,0],"34":[0,0],"35":[0,0],"36":[0,0],"37":[0,0],"38":[0,0]}}
,"P:\\VS CODE\\Main-Project\\Classroom\\src\\Pages\\Student\\Student.tsx": {"path":"P:\\VS CODE\\Main-Project\\Classroom\\src\\Pages\\Student\\Student.tsx","statementMap":{"0":{"start":{"line":1,"column":0},"end":{"line":1,"column":23}},"1":{"start":{"line":3,"column":16},"end":{"line":7,"column":1}},"2":{"start":{"line":4,"column":2},"end":{"line":6,"column":null}},"3":{"start":{"line":9,"column":0},"end":{"line":9,"column":null}}},"fnMap":{"0":{"name":"(anonymous_0)","decl":{"start":{"line":3,"column":16},"end":{"line":3,"column":null}},"loc":{"start":{"line":3,"column":16},"end":{"line":7,"column":1}}}},"branchMap":{},"s":{"0":0,"1":0,"2":0,"3":0},"f":{"0":0},"b":{}}
,"P:\\VS CODE\\Main-Project\\Classroom\\src\\Pages\\Teacher\\AddTeacher.tsx": {"path":"P:\\VS CODE\\Main-Project\\Classroom\\src\\Pages\\Teacher\\AddTeacher.tsx","statementMap":{"0":{"start":{"line":1,"column":0},"end":{"line":1,"column":72}},"1":{"start":{"line":2,"column":0},"end":{"line":2,"column":27}},"2":{"start":{"line":3,"column":0},"end":{"line":3,"column":59}},"3":{"start":{"line":4,"column":0},"end":{"line":4,"column":87}},"4":{"start":{"line":5,"column":0},"end":{"line":5,"column":70}},"5":{"start":{"line":6,"column":0},"end":{"line":6,"column":80}},"6":{"start":{"line":7,"column":0},"end":{"line":7,"column":48}},"7":{"start":{"line":8,"column":0},"end":{"line":8,"column":55}},"8":{"start":{"line":9,"column":0},"end":{"line":9,"column":49}},"9":{"start":{"line":10,"column":0},"end":{"line":10,"column":44}},"10":{"start":{"line":11,"column":0},"end":{"line":11,"column":86}},"11":{"start":{"line":12,"column":0},"end":{"line":12,"column":71}},"12":{"start":{"line":13,"column":0},"end":{"line":13,"column":69}},"13":{"start":{"line":14,"column":0},"end":{"line":14,"column":28}},"14":{"start":{"line":15,"column":0},"end":{"line":15,"column":50}},"15":{"start":{"line":16,"column":0},"end":{"line":16,"column":39}},"16":{"start":{"line":17,"column":0},"end":{"line":17,"column":53}},"17":{"start":{"line":40,"column":19},"end":{"line":378,"column":1}},"18":{"start":{"line":40,"column":35},"end":{"line":40,"column":37}},"19":{"start":{"line":40,"column":54},"end":{"line":40,"column":55}},"20":{"start":{"line":40,"column":70},"end":{"line":40,"column":79}},"21":{"start":{"line":41,"column":22},"end":{"line":41,"column":36}},"22":{"start":{"line":42,"column":29},"end":{"line":42,"column":53}},"23":{"start":{"line":42,"column":15},"end":{"line":42,"column":16}},"24":{"start":{"line":42,"column":25},"end":{"line":42,"column":29}},"25":{"start":{"line":43,"column":41},"end":{"line":43,"column":65}},"26":{"start":{"line":43,"column":21},"end":{"line":43,"column":22}},"27":{"start":{"line":43,"column":37},"end":{"line":43,"column":41}},"28":{"start":{"line":44,"column":27},"end":{"line":44,"column":54}},"29":{"start":{"line":45,"column":27},"end":{"line":45,"column":54}},"30":{"start":{"line":46,"column":29},"end":{"line":46,"column":null}},"31":{"start":{"line":47,"column":57},"end":{"line":47,"column":82}},"32":{"start":{"line":47,"column":23},"end":{"line":47,"column":33}},"33":{"start":{"line":47,"column":51},"end":{"line":47,"column":57}},"34":{"start":{"line":48,"column":34},"end":{"line":50,"column":5}},"35":{"start":{"line":51,"column":48},"end":{"line":51,"column":70}},"36":{"start":{"line":51,"column":24},"end":{"line":51,"column":26}},"37":{"start":{"line":51,"column":44},"end":{"line":51,"column":48}},"38":{"start":{"line":60,"column":6},"end":{"line":74,"column":4}},"39":{"start":{"line":54,"column":12},"end":{"line":54,"column":null}},"40":{"start":{"line":55,"column":11},"end":{"line":55,"column":null}},"41":{"start":{"line":56,"column":16},"end":{"line":56,"column":null}},"42":{"start":{"line":57,"column":12},"end":{"line":57,"column":null}},"43":{"start":{"line":58,"column":9},"end":{"line":58,"column":null}},"44":{"start":{"line":59,"column":23},"end":{"line":59,"column":null}},"45":{"start":{"line":76,"column":21},"end":{"line":79,"column":5}},"46":{"start":{"line":81,"column":2},"end":{"line":86,"column":42}},"47":{"start":{"line":82,"column":4},"end":{"line":84,"column":5}},"48":{"start":{"line":83,"column":6},"end":{"line":83,"column":70}},"49":{"start":{"line":88,"column":2},"end":{"line":114,"column":37}},"50":{"start":{"line":89,"column":4},"end":{"line":113,"column":5}},"51":{"start":{"line":90,"column":22},"end":{"line":90,"column":53}},"52":{"start":{"line":91,"column":6},"end":{"line":91,"column":44}},"53":{"start":{"line":92,"column":6},"end":{"line":92,"column":53}},"54":{"start":{"line":94,"column":29},"end":{"line":97,"column":15}},"55":{"start":{"line":94,"column":85},"end":{"line":97,"column":9}},"56":{"start":{"line":99,"column":30},"end":{"line":102,"column":19}},"57":{"start":{"line":104,"column":6},"end":{"line":107,"column":9}},"58":{"start":{"line":105,"column":8},"end":{"line":105,"column":59}},"59":{"start":{"line":106,"column":8},"end":{"line":106,"column":63}},"60":{"start":{"line":109,"column":6},"end":{"line":109,"column":64}},"61":{"start":{"line":111,"column":28},"end":{"line":111,"column":111}},"62":{"start":{"line":112,"column":6},"end":{"line":112,"column":48}},"63":{"start":{"line":118,"column":27},"end":{"line":155,"column":4}},"64":{"start":{"line":118,"column":80},"end":{"line":155,"column":4}},"65":{"start":{"line":120,"column":12},"end":{"line":120,"column":91}},"66":{"start":{"line":121,"column":12},"end":{"line":121,"column":64}},"67":{"start":{"line":122,"column":12},"end":{"line":122,"column":54}},"68":{"start":{"line":123,"column":12},"end":{"line":123,"column":81}},"69":{"start":{"line":125,"column":12},"end":{"line":125,"column":103}},"70":{"start":{"line":126,"column":6},"end":{"line":126,"column":null}},"71":{"start":{"line":128,"column":23},"end":{"line":128,"column":null}},"72":{"start":{"line":128,"column":14},"end":{"line":128,"column":23}},"73":{"start":{"line":130,"column":12},"end":{"line":130,"column":69}},"74":{"start":{"line":131,"column":6},"end":{"line":131,"column":null}},"75":{"start":{"line":132,"column":6},"end":{"line":134,"column":7}},"76":{"start":{"line":133,"column":8},"end":{"line":133,"column":55}},"77":{"start":{"line":136,"column":24},"end":{"line":142,"column":null}},"78":{"start":{"line":136,"column":12},"end":{"line":142,"column":null}},"79":{"start":{"line":144,"column":6},"end":{"line":151,"column":7}},"80":{"start":{"line":145,"column":14},"end":{"line":145,"column":81}},"81":{"start":{"line":146,"column":8},"end":{"line":146,"column":33}},"82":{"start":{"line":147,"column":8},"end":{"line":147,"column":null}},"83":{"start":{"line":150,"column":8},"end":{"line":150,"column":47}},"84":{"start":{"line":153,"column":6},"end":{"line":153,"column":48}},"85":{"start":{"line":157,"column":28},"end":{"line":162,"column":3}},"86":{"start":{"line":158,"column":17},"end":{"line":158,"column":36}},"87":{"start":{"line":159,"column":4},"end":{"line":161,"column":5}},"88":{"start":{"line":160,"column":7},"end":{"line":160,"column":50}},"89":{"start":{"line":164,"column":23},"end":{"line":182,"column":null}},"90":{"start":{"line":166,"column":18},"end":{"line":172,"column":null}},"91":{"start":{"line":166,"column":12},"end":{"line":172,"column":null}},"92":{"start":{"line":174,"column":6},"end":{"line":177,"column":7}},"93":{"start":{"line":175,"column":8},"end":{"line":175,"column":92}},"94":{"start":{"line":176,"column":8},"end":{"line":176,"column":35}},"95":{"start":{"line":179,"column":6},"end":{"line":179,"column":42}},"96":{"start":{"line":180,"column":6},"end":{"line":180,"column":69}},"97":{"start":{"line":184,"column":22},"end":{"line":199,"column":3}},"98":{"start":{"line":185,"column":4},"end":{"line":198,"column":null}},"99":{"start":{"line":192,"column":64},"end":{"line":192,"column":81}},"100":{"start":{"line":193,"column":62},"end":{"line":193,"column":87}},"101":{"start":{"line":201,"column":44},"end":{"line":259,"column":4}},"102":{"start":{"line":201,"column":55},"end":{"line":259,"column":4}},"103":{"start":{"line":202,"column":10},"end":{"line":202,"column":87}},"104":{"start":{"line":202,"column":59},"end":{"line":202,"column":86}},"105":{"start":{"line":205,"column":10},"end":{"line":205,"column":27}},"106":{"start":{"line":206,"column":14},"end":{"line":220,"column":10}},"107":{"start":{"line":210,"column":52},"end":{"line":213,"column":13}},"108":{"start":{"line":222,"column":36},"end":{"line":222,"column":null}},"109":{"start":{"line":222,"column":22},"end":{"line":222,"column":36}},"110":{"start":{"line":224,"column":8},"end":{"line":229,"column":9}},"111":{"start":{"line":225,"column":10},"end":{"line":225,"column":90}},"112":{"start":{"line":226,"column":10},"end":{"line":226,"column":28}},"113":{"start":{"line":227,"column":10},"end":{"line":227,"column":37}},"114":{"start":{"line":231,"column":36},"end":{"line":244,"column":null}},"115":{"start":{"line":235,"column":58},"end":{"line":238,"column":17}},"116":{"start":{"line":231,"column":22},"end":{"line":231,"column":36}},"117":{"start":{"line":246,"column":8},"end":{"line":252,"column":9}},"118":{"start":{"line":247,"column":10},"end":{"line":247,"column":82}},"119":{"start":{"line":248,"column":10},"end":{"line":248,"column":18}},"120":{"start":{"line":249,"column":10},"end":{"line":249,"column":35}},"121":{"start":{"line":250,"column":10},"end":{"line":250,"column":28}},"122":{"start":{"line":251,"column":10},"end":{"line":251,"column":37}},"123":{"start":{"line":256,"column":6},"end":{"line":256,"column":72}},"124":{"start":{"line":257,"column":6},"end":{"line":257,"column":45}},"125":{"start":{"line":261,"column":2},"end":{"line":377,"column":4}},"126":{"start":{"line":264,"column":28},"end":{"line":264,"column":null}},"127":{"start":{"line":277,"column":25},"end":{"line":277,"column":null}},"128":{"start":{"line":309,"column":40},"end":{"line":320,"column":12}},"129":{"start":{"line":363,"column":27},"end":{"line":363,"column":null}},"130":{"start":{"line":380,"column":0},"end":{"line":380,"column":26}}},"fnMap":{"0":{"name":"(anonymous_17)","decl":{"start":{"line":40,"column":19},"end":{"line":40,"column":20}},"loc":{"start":{"line":40,"column":79},"end":{"line":378,"column":1}}},"1":{"name":"(anonymous_18)","decl":{"start":{"line":81,"column":12},"end":{"line":81,"column":null}},"loc":{"start":{"line":81,"column":12},"end":{"line":86,"column":3}}},"2":{"name":"(anonymous_19)","decl":{"start":{"line":88,"column":12},"end":{"line":88,"column":null}},"loc":{"start":{"line":88,"column":12},"end":{"line":114,"column":3}}},"3":{"name":"(anonymous_20)","decl":{"start":{"line":94,"column":70},"end":{"line":94,"column":71}},"loc":{"start":{"line":94,"column":80},"end":{"line":97,"column":9}}},"4":{"name":"(anonymous_21)","decl":{"start":{"line":104,"column":30},"end":{"line":104,"column":31}},"loc":{"start":{"line":104,"column":42},"end":{"line":107,"column":7}}},"5":{"name":"(anonymous_22)","decl":{"start":{"line":118,"column":27},"end":{"line":118,"column":34}},"loc":{"start":{"line":118,"column":80},"end":{"line":155,"column":4}}},"6":{"name":"(anonymous_23)","decl":{"start":{"line":118,"column":80},"end":{"line":118,"column":null}},"loc":{"start":{"line":118,"column":80},"end":{"line":155,"column":4}}},"7":{"name":"(anonymous_25)","decl":{"start":{"line":157,"column":28},"end":{"line":157,"column":29}},"loc":{"start":{"line":157,"column":67},"end":{"line":162,"column":3}}},"8":{"name":"(anonymous_26)","decl":{"start":{"line":164,"column":23},"end":{"line":164,"column":null}},"loc":{"start":{"line":164,"column":23},"end":{"line":182,"column":null}}},"9":{"name":"(anonymous_29)","decl":{"start":{"line":184,"column":22},"end":{"line":184,"column":null}},"loc":{"start":{"line":184,"column":22},"end":{"line":199,"column":3}}},"10":{"name":"(anonymous_30)","decl":{"start":{"line":192,"column":60},"end":{"line":192,"column":64}},"loc":{"start":{"line":192,"column":60},"end":{"line":192,"column":76}}},"11":{"name":"(anonymous_31)","decl":{"start":{"line":193,"column":58},"end":{"line":193,"column":62}},"loc":{"start":{"line":193,"column":58},"end":{"line":193,"column":77}}},"12":{"name":"(anonymous_32)","decl":{"start":{"line":201,"column":44},"end":{"line":201,"column":51}},"loc":{"start":{"line":201,"column":55},"end":{"line":259,"column":4}}},"13":{"name":"(anonymous_33)","decl":{"start":{"line":201,"column":55},"end":{"line":201,"column":null}},"loc":{"start":{"line":201,"column":55},"end":{"line":259,"column":4}}},"14":{"name":"(anonymous_35)","decl":{"start":{"line":202,"column":49},"end":{"line":202,"column":50}},"loc":{"start":{"line":202,"column":54},"end":{"line":202,"column":63}}},"15":{"name":"(anonymous_36)","decl":{"start":{"line":210,"column":41},"end":{"line":210,"column":48}},"loc":{"start":{"line":210,"column":48},"end":{"line":210,"column":53}}},"16":{"name":"(anonymous_37)","decl":{"start":{"line":235,"column":45},"end":{"line":235,"column":46}},"loc":{"start":{"line":235,"column":53},"end":{"line":235,"column":59}}},"17":{"name":"(anonymous_38)","decl":{"start":{"line":264,"column":22},"end":{"line":264,"column":28}},"loc":{"start":{"line":264,"column":22},"end":{"line":264,"column":41}}},"18":{"name":"(anonymous_39)","decl":{"start":{"line":277,"column":19},"end":{"line":277,"column":25}},"loc":{"start":{"line":277,"column":19},"end":{"line":277,"column":null}}},"19":{"name":"(anonymous_40)","decl":{"start":{"line":309,"column":22},"end":{"line":309,"column":23}},"loc":{"start":{"line":309,"column":35},"end":{"line":309,"column":null}}},"20":{"name":"(anonymous_41)","decl":{"start":{"line":363,"column":23},"end":{"line":363,"column":27}},"loc":{"start":{"line":363,"column":23},"end":{"line":363,"column":42}}}},"branchMap":{"0":{"loc":{"start":{"line":72,"column":23},"end":{"line":72,"column":44}},"type":"binary-expr","locations":[{"start":{"line":72,"column":23},"end":{"line":72,"column":38}},{"start":{"line":72,"column":42},"end":{"line":72,"column":44}}]},"1":{"loc":{"start":{"line":82,"column":4},"end":{"line":84,"column":5}},"type":"if","locations":[{"start":{"line":82,"column":4},"end":{"line":84,"column":5}}]},"2":{"loc":{"start":{"line":89,"column":4},"end":{"line":113,"colum
[...]
end":{"line":89,"column":48}},{"start":{"line":89,"column":46},"end":{"line":93,"column":20}}]},"20":{"loc":{"start":{"line":89,"column":19},"end":{"line":89,"column":48}},"type":"binary-expr","locations":[{"start":{"line":89,"column":19},"end":{"line":89,"column":48}},{"start":{"line":89,"column":46},"end":{"line":89,"column":48}}]},"21":{"loc":{"start":{"line":89,"column":19},"end":{"line":89,"column":46}},"type":"cond-expr","locations":[{"start":{"line":89,"column":39},"end":{"line":89,"column":41}},{"start":{"line":89,"column":39},"end":{"line":89,"column":46}}]},"22":{"loc":{"start":{"line":89,"column":19},"end":{"line":89,"column":41}},"type":"binary-expr","locations":[{"start":{"line":89,"column":19},"end":{"line":89,"column":41}},{"start":{"line":89,"column":39},"end":{"line":89,"column":41}}]},"23":{"loc":{"start":{"line":89,"column":19},"end":{"line":89,"column":39}},"type":"cond-expr","locations":[{"start":{"line":89,"column":26},"end":{"line":89,"column":28}},{"start":{"line":89,"column":19},"end":{"line":89,"column":39}}]},"24":{"loc":{"start":{"line":89,"column":19},"end":{"line":89,"column":28}},"type":"binary-expr","locations":[{"start":{"line":89,"column":19},"end":{"line":89,"column":28}},{"start":{"line":89,"column":19},"end":{"line":89,"column":28}}]},"25":{"loc":{"start":{"line":91,"column":26},"end":{"line":91,"column":79}},"type":"cond-expr","locations":[{"start":{"line":91,"column":69},"end":{"line":91,"column":73}},{"start":{"line":91,"column":73},"end":{"line":91,"column":79}}]},"26":{"loc":{"start":{"line":91,"column":26},"end":{"line":91,"column":73}},"type":"binary-expr","locations":[{"start":{"line":91,"column":26},"end":{"line":91,"column":73}},{"start":{"line":91,"column":69},"end":{"line":91,"column":73}}]},"27":{"loc":{"start":{"line":91,"column":26},"end":{"line":91,"column":69}},"type":"cond-expr","locations":[{"start":{"line":91,"column":48},"end":{"line":91,"column":50}},{"start":{"line":91,"column":48},"end":{"line":91,"column":69}}]},"28":{"loc":{"start":{"line":91,"column":26},"end":{"line":91,"column":50}},"type":"binary-expr","locations":[{"start":{"line":91,"column":26},"end":{"line":91,"column":50}},{"start":{"line":91,"column":48},"end":{"line":91,"column":50}}]},"29":{"loc":{"start":{"line":91,"column":26},"end":{"line":91,"column":48}},"type":"cond-expr","locations":[{"start":{"line":91,"column":33},"end":{"line":91,"column":35}},{"start":{"line":91,"column":26},"end":{"line":91,"column":48}}]},"30":{"loc":{"start":{"line":91,"column":26},"end":{"line":91,"column":35}},"type":"binary-expr","locations":[{"start":{"line":91,"column":26},"end":{"line":91,"column":35}},{"start":{"line":91,"column":26},"end":{"line":91,"column":35}}]},"31":{"loc":{"start":{"line":90,"column":30},"end":{"line":90,"column":73}},"type":"cond-expr","locations":[{"start":{"line":90,"column":52},"end":{"line":90,"column":54}},{"start":{"line":90,"column":52},"end":{"line":90,"column":73}}]},"32":{"loc":{"start":{"line":90,"column":30},"end":{"line":90,"column":54}},"type":"binary-expr","locations":[{"start":{"line":90,"column":30},"end":{"line":90,"column":54}},{"start":{"line":90,"column":52},"end":{"line":90,"column":54}}]},"33":{"loc":{"start":{"line":90,"column":30},"end":{"line":90,"column":52}},"type":"cond-expr","locations":[{"start":{"line":90,"column":37},"end":{"line":90,"column":39}},{"start":{"line":90,"column":30},"end":{"line":90,"column":52}}]},"34":{"loc":{"start":{"line":90,"column":30},"end":{"line":90,"column":39}},"type":"binary-expr","locations":[{"start":{"line":90,"column":30},"end":{"line":90,"column":39}},{"start":{"line":90,"column":30},"end":{"line":90,"column":39}}]},"35":{"loc":{"start":{"line":105,"column":55},"end":{"line":105,"column":78}},"type":"binary-expr","locations":[{"start":{"line":105,"column":55},"end":{"line":105,"column":67}},{"start":{"line":105,"column":71},"end":{"line":105,"column":78}}]},"36":{"loc":{"start":{"line":107,"column":13},"end":{"line":109,"column":90}},"type":"cond-expr","locations":[{"start":{"line":108,"column":16},"end":{"line":108,"column":28}},{"start":{"line":109,"column":16},"end":{"line":109,"column":90}}]},"37":{"loc":{"start":{"line":111,"column":55},"end":{"line":111,"column":94}},"type":"binary-expr","locations":[{"start":{"line":111,"column":55},"end":{"line":111,"column":83}},{"start":{"line":111,"column":87},"end":{"line":111,"column":94}}]},"38":{"loc":{"start":{"line":118,"column":4},"end":{"line":130,"column":5}},"type":"switch","locations":[{"start":{"line":119,"column":6},"end":{"line":127,"column":11}},{"start":{"line":128,"column":6},"end":{"line":129,"column":29}}]},"39":{"loc":{"start":{"line":145,"column":7},"end":{"line":160,"column":null}},"type":"binary-expr","locations":[{"start":{"line":145,"column":7},"end":{"line":145,"column":32}},{"start":{"line":146,"column":8},"end":{"line":159,"column":null}}]},"40":{"loc":{"start":{"line":151,"column":21},"end":{"line":151,"column":109}},"type":"cond-expr","locations":[{"start":{"line":151,"column":57},"end":{"line":151,"column":96}},{"start":{"line":151,"column":99},"end":{"line":151,"column":109}}]},"41":{"loc":{"start":{"line":151,"column":21},"end":{"line":151,"column":50}},"type":"cond-expr","locations":[{"start":{"line":151,"column":38},"end":{"line":151,"column":40}},{"start":{"line":151,"column":38},"end":{"line":151,"column":50}}]},"42":{"loc":{"start":{"line":151,"column":21},"end":{"line":151,"column":40}},"type":"binary-expr","locations":[{"start":{"line":151,"column":21},"end":{"line":151,"column":40}},{"start":{"line":151,"column":38},"end":{"line":151,"column":40}}]},"43":{"loc":{"start":{"line":151,"column":21},"end":{"line":151,"column":38}},"type":"cond-expr","locations":[{"start":{"line":151,"column":25},"end":{"line":151,"column":27}},{"start":{"line":151,"column":21},"end":{"line":151,"column":38}}]},"44":{"loc":{"start":{"line":151,"column":21},"end":{"line":151,"column":27}},"type":"binary-expr","locations":[{"start":{"line":151,"column":21},"end":{"line":151,"column":27}},{"start":{"line":151,"column":21},"end":{"line":151,"column":27}}]}},"s":{"0":0,"1":0,"2":0,"3":0,"4":0,"5":0,"6":0,"7":0,"8":0,"9":0,"10":0,"11":0,"12":0,"13":0,"14":0,"15":0,"16":0,"17":0,"18":0,"19":0,"20":0,"21":0,"22":0,"23":0,"24":0,"25":0,"26":0,"27":0,"28":0,"29":0,"30":0,"31":0,"32":0,"33":0,"34":0,"35":0,"36":0,"37":0,"38":0,"39":0,"40":0,"41":0,"42":0,"43":0,"44":0,"45":0,"46":0,"47":0,"48":0,"49":0,"50":0,"51":0,"52":0,"53":0,"54":0,"55":0,"56":0,"57":0,"58":0,"59":0,"60":0,"61":0,"62":0,"63":0,"64":0,"65":0,"66":0,"67":0,"68":0,"69":0,"70":0},"f":{"0":0,"1":0,"2":0,"3":0,"4":0,"5":0,"6":0,"7":0,"8":0,"9":0,"10":0,"11":0,"12":0,"13":0,"14":0,"15":0},"b":{"0":[0,0],"1":[0,0],"2":[0,0],"3":[0,0],"4":[0,0],"5":[0,0],"6":[0],"7":[0,0],"8":[0,0],"9":[0,0],"10":[0,0],"11":[0,0],"12":[0,0],"13":[0,0],"14":[0,0],"15":[0,0],"16":[0,0],"17":[0,0],"18":[0,0],"19":[0,0],"20":[0,0],"21":[0,0],"22":[0,0],"23":[0,0],"24":[0,0],"25":[0,0],"26":[0,0],"27":[0,0],"28":[0,0],"29":[0,0],"30":[0,0],"31":[0,0],"32":[0,0],"33":[0,0],"34":[0,0],"35":[0,0],"36":[0,0],"37":[0,0],"38":[0,0],"39":[0,0],"40":[0,0],"41":[0,0],"42":[0,0],"43":[0,0],"44":[0,0]}}
,"P:\\VS CODE\\Main-Project\\Classroom\\src\\Pages\\Teacher\\UploadImagePopup.tsx": {"path":"P:\\VS CODE\\Main-Project\\Classroom\\src\\Pages\\Teacher\\UploadImagePopup.tsx","statementMap":{"0":{"start":{"line":1,"column":0},"end":{"line":1,"column":38}},"1":{"start":{"line":2,"column":0},"end":{"line":2,"column":68}},"2":{"start":{"line":3,"column":0},"end":{"line":3,"column":51}},"3":{"start":{"line":4,"column":0},"end":{"line":4,"column":32}},"4":{"start":{"line":6,"column":25},"end":{"line":23,"column":1}},"5":{"start":{"line":7,"column":2},"end":{"line":22,"column":null}},"6":{"start":{"line":25,"column":0},"end":{"line":25,"column":null}}},"fnMap":{"0":{"name":"(anonymous_1)","decl":{"start":{"line":6,"column":25},"end":{"line":6,"column":null}},"loc":{"start":{"line":6,"column":25},"end":{"line":23,"column":1}}}},"branchMap":{},"s":{"0":0,"1":0,"2":0,"3":0,"4":0,"5":0,"6":0},"f":{"0":0},"b":{}}
,"P:\\VS CODE\\Main-Project\\Classroom\\src\\Pages\\Teacher\\Validation.tsx": {"path":"P:\\VS CODE\\Main-Project\\Classroom\\src\\Pages\\Teacher\\Validation.tsx","statementMap":{"0":{"start":{"line":1,"column":13},"end":{"line":19,"column":2}},"1":{"start":{"line":3,"column":4},"end":{"line":3,"column":null}},"2":{"start":{"line":6,"column":4},"end":{"line":6,"column":null}},"3":{"start":{"line":9,"column":4},"end":{"line":9,"column":null}},"4":{"start":{"line":12,"column":4},"end":{"line":12,"column":null}},"5":{"start":{"line":15,"column":4},"end":{"line":15,"column":null}},"6":{"start":{"line":18,"column":4},"end":{"line":18,"column":null}},"7":{"start":{"line":21,"column":13},"end":{"line":32,"column":null}},"8":{"start":{"line":23,"column":4},"end":{"line":23,"column":null}},"9":{"start":{"line":25,"column":4},"end":{"line":25,"column":null}},"10":{"start":{"line":27,"column":4},"end":{"line":27,"column":null}},"11":{"start":{"line":29,"column":4},"end":{"line":30,"column":null}}},"fnMap":{"0":{"name":"(anonymous_0)","decl":{"start":{"line":2,"column":22},"end":{"line":2,"column":23}},"loc":{"start":{"line":2,"column":36},"end":{"line":3,"column":15}}},"1":{"name":"(anonymous_1)","decl":{"start":{"line":5,"column":16},"end":{"line":5,"column":17}},"loc":{"start":{"line":5,"column":30},"end":{"line":6,"column":24}}},"2":{"name":"(anonymous_2)","decl":{"start":{"line":8,"column":25},"end":{"line":8,"column":26}},"loc":{"start":{"line":8,"column":39},"end":{"line":9,"column":24}}},"3":{"name":"(anonymous_3)","decl":{"start":{"line":11,"column":15},"end":{"line":11,"column":16}},"loc":{"start":{"line":11,"column":29},"end":{"line":12,"column":15}}},"4":{"name":"(anonymous_4)","decl":{"start":{"line":14,"column":13},"end":{"line":14,"column":14}},"loc":{"start":{"line":14,"column":27},"end":{"line":15,"column":13}}},"5":{"name":"(anonymous_5)","decl":{"start":{"line":17,"column":13},"end":{"line":17,"column":14}},"loc":{"start":{"line":17,"column":27},"end":{"line":18,"column":15}}},"6":{"name":"(anonymous_6)","decl":{"start":{"line":22,"column":13},"end":{"line":22,"column":14}},"loc":{"start":{"line":22,"column":28},"end":{"line":23,"column":11}}},"7":{"name":"(anonymous_7)","decl":{"start":{"line":24,"column":13},"end":{"line":24,"column":14}},"loc":{"start":{"line":24,"column":28},"end":{"line":25,"column":13}}},"8":{"name":"(anonymous_8)","decl":{"start":{"line":26,"column":13},"end":{"line":26,"column":14}},"loc":{"start":{"line":26,"column":28},"end":{"line":27,"column":15}}},"9":{"name":"(anonymous_9)","decl":{"start":{"line":28,"column":37},"end":{"line":28,"column":38}},"loc":{"start":{"line":28,"column":50},"end":{"line":29,"column":80}}}},"branchMap":{"0":{"loc":{"start":{"line":3,"column":4},"end":{"line":3,"column":67}},"type":"binary-expr","locations":[{"start":{"line":3,"column":4},"end":{"line":3,"column":27}},{"start":{"line":3,"column":31},"end":{"line":3,"column":67}}]},"1":{"loc":{"start":{"line":6,"column":4},"end":{"line":6,"column":111}},"type":"binary-expr","locations":[{"start":{"line":6,"column":4},"end":{"line":6,"column":36}},{"start":{"line":6,"column":40},"end":{"line":6,"column":111}}]},"2":{"loc":{"start":{"line":9,"column":4},"end":{"line":9,"column":113}},"type":"binary-expr","locations":[{"start":{"line":9,"column":4},"end":{"line":9,"column":36}},{"start":{"line":9,"column":40},"end":{"line":9,"column":113}}]},"3":{"loc":{"start":{"line":12,"column":4},"end":{"line":12,"column":64}},"type":"binary-expr","locations":[{"start":{"line":12,"column":4},"end":{"line":12,"column":27}},{"start":{"line":12,"column":31},"end":{"line":12,"column":64}}]},"4":{"loc":{"start":{"line":15,"column":4},"end":{"line":15,"column":71}},"type":"binary-expr","locations":[{"start":{"line":15,"column":4},"end":{"line":15,"column":25}},{"start":{"line":15,"column":29},"end":{"line":15,"column":71}}]},"5":{"loc":{"start":{"line":18,"column":4},"end":{"line":18,"column":73}},"type":"binary-expr","locations":[{"start":{"line":18,"column":4},"end":{"line":18,"column":27}},{"start":{"line":18,"column":31},"end":{"line":18,"column":73}}]},"6":{"loc":{"start":{"line":23,"column":4},"end":{"line":23,"column":51}},"type":"binary-expr","locations":[{"start":{"line":23,"column":4},"end":{"line":23,"column":23}},{"start":{"line":23,"column":27},"end":{"line":23,"column":51}}]},"7":{"loc":{"start":{"line":25,"column":4},"end":{"line":25,"column":71}},"type":"binary-expr","locations":[{"start":{"line":25,"column":4},"end":{"line":25,"column":25}},{"start":{"line":25,"column":29},"end":{"line":25,"column":71}}]},"8":{"loc":{"start":{"line":27,"column":4},"end":{"line":27,"column":73}},"type":"binary-expr","locations":[{"start":{"line":27,"column":4},"end":{"line":27,"column":27}},{"start":{"line":27,"column":31},"end":{"line":27,"column":73}}]},"9":{"loc":{"start":{"line":29,"column":4},"end":{"line":30,"column":112}},"type":"binary-expr","locations":[{"start":{"line":29,"column":4},"end":{"line":29,"column":92}},{"start":{"line":30,"column":12},"end":{"line":30,"column":112}}]}},"s":{"0":0,"1":0,"2":0,"3":0,"4":0,"5":0,"6":0,"7":0,"8":0,"9":0,"10":0,"11":0},"f":{"0":0,"1":0,"2":0,"3":0,"4":0,"5":0,"6":0,"7":0,"8":0,"9":0},"b":{"0":[0,0],"1":[0,0],"2":[0,0],"3":[0,0],"4":[0,0],"5":[0,0],"6":[0,0],"7":[0,0],"8":[0,0],"9":[0,0]}}
,"P:\\VS CODE\\Main-Project\\Classroom\\src\\Routes\\PrivateRoutes.tsx": {"path":"P:\\VS CODE\\Main-Project\\Classroom\\src\\Routes\\PrivateRoutes.tsx","statementMap":{"0":{"start":{"line":1,"column":0},"end":{"line":1,"column":59}},"1":{"start":{"line":2,"column":0},"end":{"line":2,"column":49}},"2":{"start":{"line":3,"column":0},"end":{"line":3,"column":65}},"3":{"start":{"line":4,"column":0},"end":{"line":4,"column":57}},"4":{"start":{"line":5,"column":0},"end":{"line":5,"column":69}},"5":{"start":{"line":6,"column":0},"end":{"line":6,"column":57}},"6":{"start":{"line":7,"column":0},"end":{"line":7,"column":62}},"7":{"start":{"line":9,"column":13},"end":{"line":39,"column":null}}},"fnMap":{},"branchMap":{},"s":{"0":0,"1":0,"2":0,"3":0,"4":0,"5":0,"6":0,"7":0},"f":{},"b":{}}
,"P:\\VS CODE\\Main-Project\\Classroom\\src\\Routes\\ProtectedRoutes.tsx": {"path":"P:\\VS CODE\\Main-Project\\Classroom\\src\\Routes\\ProtectedRoutes.tsx","statementMap":{"0":{"start":{"line":1,"column":0},"end":{"line":1,"column":43}},"1":{"start":{"line":2,"column":0},"end":{"line":2,"column":57}},"2":{"start":{"line":8,"column":55},"end":{"line":13,"column":1}},"3":{"start":{"line":8,"column":65},"end":{"line":8,"column":66}},"4":{"start":{"line":9,"column":28},"end":{"line":9,"column":60}},"5":{"start":{"line":10,"column":2},"end":{"line":12,"column":null}},"6":{"start":{"line":15,"column":0},"end":{"line":15,"column":null}}},"fnMap":{"0":{"name":"(anonymous_0)","decl":{"start":{"line":8,"column":55},"end":{"line":8,"column":56}},"loc":{"start":{"line":8,"column":66},"end":{"line":13,"column":1}}}},"branchMap":{"0":{"loc":{"start":{"line":11,"column":4},"end":{"line":11,"column":60}},"type":"cond-expr","locations":[{"start":{"line":11,"column":21},"end":{"line":11,"column":51}},{"start":{"line":11,"column":52},"end":{"line":11,"column":60}}]}},"s":{"0":0,"1":0,"2":0,"3":0,"4":0,"5":0,"6":0},"f":{"0":0},"b":{"0":[0,0]}}
,"P:\\VS CODE\\Main-Project\\Classroom\\src\\Routes\\PublicRoutes.tsx": {"path":"P:\\VS CODE\\Main-Project\\Classroom\\src\\Routes\\PublicRoutes.tsx","statementMap":{"0":{"start":{"line":1,"column":0},"end":{"line":1,"column":34}},"1":{"start":{"line":3,"column":13},"end":{"line":8,"column":null}}},"fnMap":{},"branchMap":{},"s":{"0":0,"1":0},"f":{},"b":{}}
,"P:\\VS CODE\\Main-Project\\Classroom\\src\\graphql\\mutation.ts": {"path":"P:\\VS CODE\\Main-Project\\Classroom\\src\\graphql\\mutation.ts","statementMap":{"0":{"start":{"line":1,"column":0},"end":{"line":1,"column":37}},"1":{"start":{"line":3,"column":13},"end":{"line":9,"column":2}},"2":{"start":{"line":11,"column":13},"end":{"line":17,"column":2}},"3":{"start":{"line":19,"column":13},"end":{"line":25,"column":2}},"4":{"start":{"line":27,"column":13},"end":{"line":33,"column":2}}},"fnMap":{},"branchMap":{"0":{"loc":{"start":{"line":3,"column":32},"end":{"line":9,"column":2}},"type":"binary-expr","locations":[{"start":{"line":3,"column":32},"end":{"line":3,"column":null}},{"start":{"line":3,"column":32},"end":{"line":9,"column":2}}]},"1":{"loc":{"start":{"line":11,"column":32},"end":{"line":17,"column":2}},"type":"binary-expr","locations":[{"start":{"line":11,"column":32},"end":{"line":11,"column":null}},{"start":{"line":11,"column":32},"end":{"line":17,"column":2}}]},"2":{"loc":{"start":{"line":19,"column":32},"end":{"line":25,"column":2}},"type":"binary-expr","locations":[{"start":{"line":19,"column":32},"end":{"line":19,"column":null}},{"start":{"line":19,"column":32},"end":{"line":25,"column":2}}]},"3":{"loc":{"start":{"line":27,"column":32},"end":{"line":33,"column":2}},"type":"binary-expr","locations":[{"start":{"line":27,"column":32},"end":{"line":27,"column":null}},{"start":{"line":27,"column":32},"end":{"line":33,"column":2}}]}},"s":{"0":0,"1":0,"2":0,"3":0,"4":0},"f":{},"b":{"0":[0,0],"1":[0,0],"2":[0,0],"3":[0,0]}}
,"P:\\VS CODE\\Main-Project\\Classroom\\src\\graphql\\query.ts": {"path":"P:\\VS CODE\\Main-Project\\Classroom\\src\\graphql\\query.ts","statementMap":{"0":{"start":{"line":1,"column":0},"end":{"line":1,"column":37}},"1":{"start":{"line":3,"column":13},"end":{"line":31,"column":2}},"2":{"start":{"line":34,"column":13},"end":{"line":61,"column":2}},"3":{"start":{"line":63,"column":13},"end":{"line":70,"column":2}},"4":{"start":{"line":72,"column":13},"end":{"line":150,"column":2}}},"fnMap":{},"branchMap":{"0":{"loc":{"start":{"line":3,"column":31},"end":{"line":31,"column":2}},"type":"binary-expr","locations":[{"start":{"line":3,"column":31},"end":{"line":3,"column":null}},{"start":{"line":3,"column":31},"end":{"line":31,"column":2}}]},"1":{"loc":{"start":{"line":34,"column":30},"end":{"line":61,"column":2}},"type":"binary-expr","locations":[{"start":{"line":34,"column":30},"end":{"line":34,"column":null}},{"start":{"line":34,"column":30},"end":{"line":61,"column":2}}]},"2":{"loc":{"start":{"line":63,"column":36},"end":{"line":70,"column":2}},"type":"binary-expr","locations":[{"start":{"line":63,"column":36},"end":{"line":63,"column":null}},{"start":{"line":63,"column":36},"end":{"line":70,"column":2}}]},"3":{"loc":{"start":{"line":72,"column":31},"end":{"line":150,"column":2}},"type":"binary-expr","locations":[{"start":{"line":72,"column":31},"end":{"line":72,"column":null}},{"start":{"line":72,"column":31},"end":{"line":150,"column":2}}]}},"s":{"0":0,"1":0,"2":0,"3":0,"4":0},"f":{},"b":{"0":[0,0],"1":[0,0],"2":[0,0],"3":[0,0]}}
,"P:\\VS CODE\\Main-Project\\Classroom\\src\\utils\\getDecryptedDataWithSecretKey.tsx": {"path":"P:\\VS CODE\\Main-Project\\Classroom\\src\\utils\\getDecryptedDataWithSecretKey.tsx","statementMap":{"0":{"start":{"line":1,"column":0},"end":{"line":1,"column":33}},"1":{"start":{"line":3,"column":18},"end":{"line":3,"column":57}},"2":{"start":{"line":5,"column":38},"end":{"line":16,"column":1}},"3":{"start":{"line":8,"column":2},"end":{"line":15,"column":3}},"4":{"start":{"line":9,"column":18},"end":{"line":9,"column":71}},"5":{"start":{"line":10,"column":25},"end":{"line":10,"column":58}},"6":{"start":{"line":11,"column":4},"end":{"line":11,"column":28}},"7":{"start":{"line":13,"column":4},"end":{"line":13,"column":47}},"8":{"start":{"line":14,"column":4},"end":{"line":14,"column":32}},"9":{"start":{"line":18,"column":0},"end":{"line":18,"column":45}}},"fnMap":{"0":{"name":"(anonymous_1)","decl":{"start":{"line":5,"column":38},"end":{"line":5,"column":39}},"loc":{"start":{"line":5,"column":57},"end":{"line":16,"column":1}}}},"branchMap":{},"s":{"0":0,"1":0,"2":0,"3":0,"4":0,"5":0,"6":0,"7":0,"8":0,"9":0},"f":{"0":0},"b":{}}
}
