TN:
SF:src\App.tsx
FN:13,App
FN:23,(anonymous_2)
FN:38,(anonymous_3)
FNF:3
FNH:0
FNDA:0,App
FNDA:0,(anonymous_2)
FNDA:0,(anonymous_3)
DA:1,0
DA:2,0
DA:3,0
DA:4,0
DA:5,0
DA:6,0
DA:7,0
DA:8,0
DA:9,0
DA:11,0
DA:15,0
DA:17,0
DA:23,0
DA:38,0
DA:55,0
LF:15
LH:0
BRDA:28,0,0,0
BRDA:28,0,1,0
BRDA:28,1,0,0
BRDA:28,1,1,0
BRDA:28,1,2,0
BRF:5
BRH:0
end_of_record
TN:
SF:src\main.tsx
FN:24,(anonymous_3)
FN:26,(anonymous_4)
FN:33,(anonymous_5)
FN:44,(anonymous_6)
FN:62,(anonymous_7)
FNF:5
FNH:0
FNDA:0,(anonymous_3)
FNDA:0,(anonymous_4)
FNDA:0,(anonymous_5)
FNDA:0,(anonymous_6)
FNDA:0,(anonymous_7)
DA:1,0
DA:2,0
DA:3,0
DA:4,0
DA:5,0
DA:6,0
DA:7,0
DA:8,0
DA:9,0
DA:10,0
DA:11,0
DA:13,0
DA:16,0
DA:19,0
DA:24,0
DA:25,0
DA:26,0
DA:27,0
DA:30,0
DA:33,0
DA:34,0
DA:35,0
DA:36,0
DA:44,0
DA:45,0
DA:46,0
DA:49,0
DA:50,0
DA:51,0
DA:52,0
DA:53,0
DA:58,0
DA:59,0
DA:60,0
DA:61,0
DA:62,0
DA:63,0
DA:68,0
DA:73,0
LF:39
LH:0
BRDA:30,0,0,0
BRDA:30,0,1,0
BRDA:39,1,0,0
BRDA:39,1,1,0
BRDA:49,2,0,0
BRDA:51,3,0,0
BRDA:59,4,0,0
BRF:7
BRH:0
end_of_record
TN:
SF:src\Components\customComponents\Button\Button.tsx
FN:10,(anonymous_0)
FNF:1
FNH:1
FNDA:6,(anonymous_0)
DA:10,6
DA:11,6
DA:16,1
LF:3
LH:3
BRF:0
BRH:0
end_of_record
TN:
SF:src\Components\customComponents\Toast\ToastMessage.tsx
FN:9,(anonymous_0)
FNF:1
FNH:1
FNDA:1,(anonymous_0)
DA:1,1
DA:9,1
DA:10,1
DA:18,1
LF:4
LH:4
BRF:0
BRH:0
end_of_record
TN:
SF:src\Config\config.ts
FNF:0
FNH:0
DA:1,0
DA:5,0
LF:2
LH:0
BRF:0
BRH:0
end_of_record
TN:
SF:src\HomePage\HomePage.tsx
FN:5,(anonymous_1)
FNF:1
FNH:0
FNDA:0,(anonymous_1)
DA:1,0
DA:5,0
DA:6,0
DA:13,0
LF:4
LH:0
BRF:0
BRH:0
end_of_record
TN:
SF:src\HomePage\Content\Content.tsx
FN:5,(anonymous_1)
FNF:1
FNH:0
FNDA:0,(anonymous_1)
DA:1,0
DA:2,0
DA:3,0
DA:5,0
DA:6,0
DA:27,0
LF:6
LH:0
BRF:0
BRH:0
end_of_record
TN:
SF:src\HomePage\Footer\Footer.tsx
FN:9,(anonymous_1)
FNF:1
FNH:0
FNDA:0,(anonymous_1)
DA:1,0
DA:2,0
DA:3,0
DA:4,0
DA:5,0
DA:6,0
DA:7,0
DA:9,0
DA:10,0
DA:33,0
LF:10
LH:0
BRF:0
BRH:0
end_of_record
TN:
SF:src\HomePage\Header\Header.tsx
FN:5,(anonymous_1)
FN:21,(anonymous_2)
FN:24,(anonymous_3)
FNF:3
FNH:0
FNDA:0,(anonymous_1)
FNDA:0,(anonymous_2)
FNDA:0,(anonymous_3)
DA:1,0
DA:2,0
DA:3,0
DA:5,0
DA:7,0
DA:8,0
DA:10,0
DA:18,0
DA:21,0
DA:24,0
DA:36,0
LF:11
LH:0
BRF:0
BRH:0
end_of_record
TN:
SF:src\HomePage\SplashScreen\SplashScreen.tsx
FN:4,(anonymous_1)
FNF:1
FNH:0
FNDA:0,(anonymous_1)
DA:1,0
DA:2,0
DA:4,0
DA:5,0
DA:14,0
LF:5
LH:0
BRF:0
BRH:0
end_of_record
TN:
SF:src\Layouts\Auth\AuthLayout.tsx
FN:7,(anonymous_1)
FN:10,(anonymous_2)
FN:11,(anonymous_3)
FN:15,(anonymous_4)
FNF:4
FNH:0
FNDA:0,(anonymous_1)
FNDA:0,(anonymous_2)
FNDA:0,(anonymous_3)
FNDA:0,(anonymous_4)
DA:1,0
DA:2,0
DA:3,0
DA:4,0
DA:5,0
DA:7,0
DA:8,0
DA:10,0
DA:11,0
DA:12,0
DA:15,0
DA:18,0
DA:33,0
LF:13
LH:0
BRDA:20,0,0,0
BRDA:20,0,1,0
BRF:2
BRH:0
end_of_record
TN:
SF:src\Layouts\Dashboard\DashboardLayout.tsx
FN:6,(anonymous_1)
FNF:1
FNH:0
FNDA:0,(anonymous_1)
DA:1,0
DA:2,0
DA:3,0
DA:4,0
DA:6,0
DA:7,0
DA:16,0
LF:7
LH:0
BRF:0
BRH:0
end_of_record
TN:
SF:src\Layouts\Dashboard\Advertisement\Advertisement.tsx
FN:14,(anonymous_14)
FN:20,(anonymous_15)
FN:29,(anonymous_16)
FN:30,(anonymous_17)
FN:36,(anonymous_18)
FN:39,(anonymous_19)
FN:40,(anonymous_20)
FN:62,(anonymous_23)
FN:66,(anonymous_24)
FNF:9
FNH:0
FNDA:0,(anonymous_14)
FNDA:0,(anonymous_15)
FNDA:0,(anonymous_16)
FNDA:0,(anonymous_17)
FNDA:0,(anonymous_18)
FNDA:0,(anonymous_19)
FNDA:0,(anonymous_20)
FNDA:0,(anonymous_23)
FNDA:0,(anonymous_24)
DA:1,0
DA:2,0
DA:3,0
DA:4,0
DA:5,0
DA:6,0
DA:14,0
DA:15,0
DA:16,0
DA:17,0
DA:18,0
DA:20,0
DA:21,0
DA:22,0
DA:23,0
DA:24,0
DA:25,0
DA:29,0
DA:30,0
DA:31,0
DA:32,0
DA:33,0
DA:36,0
DA:39,0
DA:40,0
DA:42,0
DA:43,0
DA:51,0
DA:53,0
DA:55,0
DA:59,0
DA:62,0
DA:63,0
DA:66,0
DA:67,0
DA:70,0
DA:72,0
DA:76,0
DA:95,0
LF:39
LH:0
BRDA:17,0,0,0
BRDA:17,0,1,0
BRDA:21,1,0,0
BRDA:21,1,1,0
BRDA:21,1,2,0
BRDA:21,1,3,0
BRDA:32,2,0,0
BRDA:33,3,0,0
BRDA:33,3,1,0
BRDA:47,4,0,0
BRDA:47,4,1,0
BRDA:63,5,0,0
BRDA:63,5,1,0
BRDA:63,6,0,0
BRDA:63,6,1,0
BRDA:63,7,0,0
BRDA:63,7,1,0
BRDA:67,8,0,0
BRDA:67,8,1,0
BRDA:67,9,0,0
BRDA:67,9,1,0
BRDA:70,10,0,0
BRDA:70,10,1,0
BRDA:72,11,0,0
BRDA:72,11,1,0
BRDA:72,12,0,0
BRDA:72,12,1,0
BRDA:72,13,0,0
BRDA:72,13,1,0
BRDA:82,14,0,0
BRDA:82,14,1,0
BRDA:88,15,0,0
BRDA:88,15,1,0
BRF:33
BRH:0
end_of_record
TN:
SF:src\Layouts\Dashboard\Sidebar\Sidebar.tsx
FN:21,(anonymous_14)
FN:36,(anonymous_15)
FN:45,(anonymous_18)
FN:53,(anonymous_19)
FN:64,(anonymous_20)
FN:65,(anonymous_21)
FN:73,(anonymous_22)
FN:79,(anonymous_23)
FN:90,(anonymous_24)
FN:93,(anonymous_25)
FN:96,(anonymous_26)
FNF:11
FNH:0
FNDA:0,(anonymous_14)
FNDA:0,(anonymous_15)
FNDA:0,(anonymous_18)
FNDA:0,(anonymous_19)
FNDA:0,(anonymous_20)
FNDA:0,(anonymous_21)
FNDA:0,(anonymous_22)
FNDA:0,(anonymous_23)
FNDA:0,(anonymous_24)
FNDA:0,(anonymous_25)
FNDA:0,(anonymous_26)
DA:1,0
DA:2,0
DA:3,0
DA:4,0
DA:5,0
DA:6,0
DA:7,0
DA:8,0
DA:9,0
DA:10,0
DA:11,0
DA:12,0
DA:13,0
DA:14,0
DA:15,0
DA:16,0
DA:17,0
DA:18,0
DA:21,0
DA:22,0
DA:23,0
DA:24,0
DA:25,0
DA:27,0
DA:36,0
DA:38,0
DA:39,0
DA:41,0
DA:45,0
DA:53,0
DA:59,0
DA:61,0
DA:65,0
DA:73,0
DA:79,0
DA:90,0
DA:93,0
DA:96,0
DA:103,0
LF:39
LH:0
BRDA:62,0,0,0
BRDA:62,0,1,0
BRDA:64,1,0,0
BRDA:64,1,1,0
BRDA:64,2,0,0
BRDA:64,2,1,0
BRDA:64,3,0,0
BRDA:64,3,1,0
BRDA:64,4,0,0
BRDA:64,4,1,0
BRDA:64,5,0,0
BRDA:64,5,1,0
BRDA:64,6,0,0
BRDA:64,6,1,0
BRDA:65,7,0,0
BRDA:65,7,1,0
BRDA:65,8,0,0
BRDA:65,8,1,0
BRDA:65,9,0,0
BRDA:65,9,1,0
BRDA:65,10,0,0
BRDA:65,10,1,0
BRDA:65,11,0,0
BRDA:65,11,1,0
BRDA:65,12,0,0
BRDA:65,12,1,0
BRDA:93,13,0,0
BRDA:93,13,1,0
BRDA:97,14,0,0
BRDA:97,14,1,0
BRF:30
BRH:0
end_of_record
TN:
SF:src\Loader\Loader.tsx
FN:5,(anonymous_1)
FNF:1
FNH:0
FNDA:0,(anonymous_1)
DA:1,0
DA:2,0
DA:3,0
DA:5,0
DA:6,0
DA:13,0
LF:6
LH:0
BRF:0
BRH:0
end_of_record
TN:
SF:src\Login\Login.tsx
FN:15,(anonymous_16)
FN:29,(anonymous_17)
FN:29,(anonymous_18)
FNF:3
FNH:0
FNDA:0,(anonymous_16)
FNDA:0,(anonymous_17)
FNDA:0,(anonymous_18)
DA:1,0
DA:2,0
DA:3,0
DA:4,0
DA:5,0
DA:6,0
DA:7,0
DA:8,0
DA:15,0
DA:17,0
DA:19,0
DA:21,0
DA:29,0
DA:30,0
DA:31,0
DA:33,0
DA:37,0
DA:40,0
DA:41,0
DA:43,0
DA:45,0
DA:94,0
LF:22
LH:0
BRDA:66,0,0,0
BRDA:66,0,1,0
BRDA:78,1,0,0
BRDA:78,1,1,0
BRF:4
BRH:0
end_of_record
TN:
SF:src\NoDataFound\NoDataFound.tsx
FN:3,(anonymous_0)
FNF:1
FNH:0
FNDA:0,(anonymous_0)
DA:1,0
DA:3,0
DA:4,0
DA:11,0
LF:4
LH:0
BRF:0
BRH:0
end_of_record
TN:
SF:src\Pages\Admin\AdminDashboard.tsx
FN:9,(anonymous_1)
FN:12,(anonymous_2)
FN:24,(anonymous_3)
FN:36,(anonymous_4)
FN:37,(anonymous_5)
FN:38,(anonymous_6)
FN:39,(anonymous_7)
FNF:7
FNH:0
FNDA:0,(anonymous_1)
FNDA:0,(anonymous_2)
FNDA:0,(anonymous_3)
FNDA:0,(anonymous_4)
FNDA:0,(anonymous_5)
FNDA:0,(anonymous_6)
FNDA:0,(anonymous_7)
DA:1,0
DA:2,0
DA:3,0
DA:4,0
DA:5,0
DA:6,0
DA:9,0
DA:10,0
DA:12,0
DA:13,0
DA:15,0
DA:17,0
DA:19,0
DA:21,0
DA:24,0
DA:25,0
DA:26,0
DA:27,0
DA:32,0
DA:36,0
DA:37,0
DA:38,0
DA:39,0
DA:50,0
LF:24
LH:0
BRDA:13,0,0,0
BRDA:13,0,1,0
BRDA:13,0,2,0
BRDA:13,0,3,0
BRDA:36,1,0,0
BRDA:36,1,1,0
BRDA:37,2,0,0
BRDA:37,2,1,0
BRDA:38,3,0,0
BRDA:38,3,1,0
BRDA:39,4,0,0
BRDA:39,4,1,0
BRF:12
BRH:0
end_of_record
TN:
SF:src\Pages\Admin\AdminHelp.tsx
FN:2,(anonymous_0)
FNF:1
FNH:0
FNDA:0,(anonymous_0)
DA:1,0
DA:2,0
DA:3,0
DA:10,0
LF:4
LH:0
BRF:0
BRH:0
end_of_record
TN:
SF:src\Pages\Admin\AdminNotification.tsx
FN:2,(anonymous_0)
FNF:1
FNH:0
FNDA:0,(anonymous_0)
DA:1,0
DA:2,0
DA:3,0
DA:10,0
LF:4
LH:0
BRF:0
BRH:0
end_of_record
TN:
SF:src\Pages\Admin\AdminSettings.tsx
FN:2,(anonymous_0)
FNF:1
FNH:0
FNDA:0,(anonymous_0)
DA:1,0
DA:2,0
DA:3,0
DA:10,0
LF:4
LH:0
BRF:0
BRH:0
end_of_record
TN:
SF:src\Pages\Admin\AdminSystemMessages.tsx
FN:2,(anonymous_0)
FNF:1
FNH:0
FNDA:0,(anonymous_0)
DA:1,0
DA:2,0
DA:3,0
DA:10,0
LF:4
LH:0
BRF:0
BRH:0
end_of_record
TN:
SF:src\Pages\Admin\AdminWorkshop.tsx
FN:2,(anonymous_0)
FNF:1
FNH:0
FNDA:0,(anonymous_0)
DA:1,0
DA:2,0
DA:3,0
DA:10,0
LF:4
LH:0
BRF:0
BRH:0
end_of_record
TN:
SF:src\Pages\Announcement\Announcement.tsx
FN:2,(anonymous_0)
FNF:1
FNH:0
FNDA:0,(anonymous_0)
DA:1,0
DA:2,0
DA:3,0
DA:8,0
LF:4
LH:0
BRF:0
BRH:0
end_of_record
TN:
SF:src\Pages\Classroom\Classroom.tsx
FN:3,(anonymous_0)
FNF:1
FNH:0
FNDA:0,(anonymous_0)
DA:1,0
DA:3,0
DA:4,0
DA:9,0
LF:4
LH:0
BRF:0
BRH:0
end_of_record
TN:
SF:src\Pages\School\CustomizeSchool.tsx
FN:22,(anonymous_16)
FN:29,(anonymous_17)
FN:46,(anonymous_18)
FN:46,(anonymous_19)
FN:73,(anonymous_21)
FN:81,(anonymous_22)
FNF:6
FNH:0
FNDA:0,(anonymous_16)
FNDA:0,(anonymous_17)
FNDA:0,(anonymous_18)
FNDA:0,(anonymous_19)
FNDA:0,(anonymous_21)
FNDA:0,(anonymous_22)
DA:1,0
DA:2,0
DA:3,0
DA:4,0
DA:5,0
DA:6,0
DA:7,0
DA:8,0
DA:9,0
DA:10,0
DA:22,0
DA:23,0
DA:24,0
DA:25,0
DA:26,0
DA:27,0
DA:29,0
DA:30,0
DA:31,0
DA:32,0
DA:34,0
DA:46,0
DA:47,0
DA:56,0
DA:57,0
DA:58,0
DA:59,0
DA:61,0
DA:63,0
DA:67,0
DA:73,0
DA:81,0
DA:134,0
LF:33
LH:0
BRDA:30,0,0,0
BRDA:35,1,0,0
BRDA:35,1,1,0
BRDA:35,2,0,0
BRDA:35,2,1,0
BRDA:35,3,0,0
BRDA:35,3,1,0
BRDA:35,4,0,0
BRDA:35,4,1,0
BRDA:36,5,0,0
BRDA:36,5,1,0
BRDA:36,6,0,0
BRDA:36,6,1,0
BRDA:36,7,0,0
BRDA:36,7,1,0
BRDA:36,8,0,0
BRDA:36,8,1,0
BRDA:37,9,0,0
BRDA:37,9,1,0
BRDA:37,10,0,0
BRDA:37,10,1,0
BRDA:37,11,0,0
BRDA:37,11,1,0
BRDA:37,12,0,0
BRDA:37,12,1,0
BRDA:38,13,0,0
BRDA:38,13,1,0
BRDA:38,14,0,0
BRDA:38,14,1,0
BRDA:38,15,0,0
BRDA:38,15,1,0
BRDA:38,16,0,0
BRDA:38,16,1,0
BRDA:39,17,0,0
BRDA:39,17,1,0
BRDA:39,18,0,0
BRDA:39,18,1,0
BRDA:39,19,0,0
BRDA:39,19,1,0
BRDA:39,20,0,0
BRDA:39,20,1,0
BRDA:40,21,0,0
BRDA:40,21,1,0
BRDA:40,22,0,0
BRDA:40,22,1,0
BRDA:40,23,0,0
BRDA:40,23,1,0
BRDA:40,24,0,0
BRDA:40,24,1,0
BRDA:41,25,0,0
BRDA:41,25,1,0
BRDA:41,26,0,0
BRDA:41,26,1,0
BRDA:51,27,0,0
BRDA:51,27,1,0
BRDA:52,28,0,0
BRDA:52,28,1,0
BRDA:72,29,0,0
BRDA:72,29,1,0
BRDA:73,30,0,0
BRDA:73,30,1,0
BRDA:81,31,0,0
BRDA:81,31,1,0
BRDA:81,32,0,0
BRDA:81,32,1,0
BRDA:90,33,0,0
BRDA:90,33,1,0
BRDA:95,34,0,0
BRDA:95,34,1,0
BRDA:100,35,0,0
BRDA:100,35,1,0
BRDA:105,36,0,0
BRDA:105,36,1,0
BRDA:114,37,0,0
BRDA:114,37,1,0
BRDA:124,38,0,0
BRDA:124,38,1,0
BRF:77
BRH:0
end_of_record
TN:
SF:src\Pages\Student\Student.tsx
FN:3,(anonymous_0)
FNF:1
FNH:0
FNDA:0,(anonymous_0)
DA:1,0
DA:3,0
DA:4,0
DA:9,0
LF:4
LH:0
BRF:0
BRH:0
end_of_record
TN:
SF:src\Pages\Teacher\AddTeacher.tsx
FN:40,(anonymous_17)
FN:81,(anonymous_18)
FN:88,(anonymous_19)
FN:94,(anonymous_20)
FN:104,(anonymous_21)
FN:118,(anonymous_22)
FN:118,(anonymous_23)
FN:157,(anonymous_25)
FN:164,(anonymous_26)
FN:184,(anonymous_29)
FN:192,(anonymous_30)
FN:193,(anonymous_31)
FN:201,(anonymous_32)
FN:201,(anonymous_33)
FN:202,(anonymous_35)
FN:210,(anonymous_36)
FN:235,(anonymous_37)
FN:264,(anonymous_38)
FN:277,(anonymous_39)
FN:309,(anonymous_40)
FN:363,(anonymous_41)
FNF:21
FNH:0
FNDA:0,(anonymous_17)
FNDA:0,(anonymous_18)
FNDA:0,(anonymous_19)
FNDA:0,(anonymous_20)
FNDA:0,(anonymous_21)
FNDA:0,(anonymous_22)
FNDA:0,(anonymous_23)
FNDA:0,(anonymous_25)
FNDA:0,(anonymous_26)
FNDA:0,(anonymous_29)
FNDA:0,(anonymous_30)
FNDA:0,(anonymous_31)
FNDA:0,(anonymous_32)
FNDA:0,(anonymous_33)
FNDA:0,(anonymous_35)
FNDA:0,(anonymous_36)
FNDA:0,(anonymous_37)
FNDA:0,(anonymous_38)
FNDA:0,(anonymous_39)
FNDA:0,(anonymous_40)
FNDA:0,(anonymous_41)
DA:1,0
DA:2,0
DA:3,0
DA:4,0
DA:5,0
DA:6,0
DA:7,0
DA:8,0
DA:9,0
DA:10,0
DA:11,0
DA:12,0
DA:13,0
DA:14,0
DA:15,0
DA:16,0
DA:17,0
DA:40,0
DA:41,0
DA:42,0
DA:43,0
DA:44,0
DA:45,0
DA:46,0
DA:47,0
DA:48,0
DA:51,0
DA:54,0
DA:55,0
DA:56,0
DA:57,0
DA:58,0
DA:59,0
DA:60,0
DA:76,0
DA:81,0
DA:82,0
DA:83,0
DA:88,0
DA:89,0
DA:90,0
DA:91,0
DA:92,0
DA:94,0
DA:99,0
DA:104,0
DA:105,0
DA:106,0
DA:109,0
DA:111,0
DA:112,0
DA:118,0
DA:120,0
DA:121,0
DA:122,0
DA:123,0
DA:125,0
DA:126,0
DA:128,0
DA:130,0
DA:131,0
DA:132,0
DA:133,0
DA:136,0
DA:144,0
DA:145,0
DA:146,0
DA:147,0
DA:150,0
DA:153,0
DA:157,0
DA:158,0
DA:159,0
DA:160,0
DA:164,0
DA:166,0
DA:174,0
DA:175,0
DA:176,0
DA:179,0
DA:180,0
DA:184,0
DA:185,0
DA:192,0
DA:193,0
DA:201,0
DA:202,0
DA:205,0
DA:206,0
DA:210,0
DA:222,0
DA:224,0
DA:225,0
DA:226,0
DA:227,0
DA:231,0
DA:235,0
DA:246,0
DA:247,0
DA:248,0
DA:249,0
DA:250,0
DA:251,0
DA:256,0
DA:257,0
DA:261,0
DA:264,0
DA:277,0
DA:309,0
DA:363,0
DA:380,0
LF:111
LH:0
BRDA:72,0,0,0
BRDA:72,0,1,0
BRDA:82,1,0,0
BRDA:89,2,0,0
BRDA:89,3,0,0
BRDA:89,3,1,0
BRDA:89,4,0,0
BRDA:89,4,1,0
BRDA:91,5,0,0
BRDA:91,5,1,0
BRDA:92,6,0,0
BRDA:92,6,1,0
BRDA:94,7,0,0
BRDA:94,7,1,0
BRDA:94,8,0,0
BRDA:94,8,1,0
BRDA:94,9,0,0
BRDA:94,9,1,0
BRDA:94,10,0,0
BRDA:94,10,1,0
BRDA:94,11,0,0
BRDA:94,11,1,0
BRDA:95,12,0,0
BRDA:95,12,1,0
BRDA:95,13,0,0
BRDA:95,13,1,0
BRDA:95,14,0,0
BRDA:95,14,1,0
BRDA:109,15,0,0
BRDA:109,15,1,0
BRDA:109,16,0,0
BRDA:109,16,1,0
BRDA:109,17,0,0
BRDA:109,17,1,0
BRDA:109,18,0,0
BRDA:109,18,1,0
BRDA:109,19,0,0
BRDA:109,19,1,0
BRDA:111,20,0,0
BRDA:111,20,1,0
BRDA:111,21,0,0
BRDA:111,21,1,0
BRDA:111,22,0,0
BRDA:111,22,1,0
BRDA:111,23,0,0
BRDA:111,23,1,0
BRDA:111,24,0,0
BRDA:111,24,1,0
BRDA:112,25,0,0
BRDA:112,25,1,0
BRDA:120,26,0,0
BRDA:120,26,1,0
BRDA:123,27,0,0
BRDA:123,27,1,0
BRDA:130,28,0,0
BRDA:130,28,1,0
BRDA:130,29,0,0
BRDA:130,29,1,0
BRDA:130,30,0,0
BRDA:130,30,1,0
BRDA:130,31,0,0
BRDA:130,31,1,0
BRDA:132,32,0,0
BRDA:144,33,0,0
BRDA:144,33,1,0
BRDA:158,34,0,0
BRDA:158,34,1,0
BRDA:158,35,0,0
BRDA:158,35,1,0
BRDA:159,36,0,0
BRDA:169,37,0,0
BRDA:169,37,1,0
BRDA:169,38,0,0
BRDA:169,38,1,0
BRDA:169,39,0,0
BRDA:169,39,1,0
BRDA:169,40,0,0
BRDA:169,40,1,0
BRDA:174,41,0,0
BRDA:174,42,0,0
BRDA:174,42,1,0
BRDA:174,43,0,0
BRDA:174,43,1,0
BRDA:174,44,0,0
BRDA:174,44,1,0
BRDA:174,45,0,0
BRDA:174,45,1,0
BRDA:174,46,0,0
BRDA:174,46,1,0
BRDA:174,47,0,0
BRDA:174,47,1,0
BRDA:231,48,0,0
BRDA:205,49,0,0
BRDA:205,50,0,0
BRDA:205,50,1,0
BRDA:205,51,0,0
BRDA:205,51,1,0
BRDA:205,52,0,0
BRDA:205,52,1,0
BRDA:208,53,0,0
BRDA:208,53,1,0
BRDA:214,54,0,0
BRDA:214,54,1,0
BRDA:214,54,2,0
BRDA:217,55,0,0
BRDA:217,55,1,0
BRDA:217,55,2,0
BRDA:224,56,0,0
BRDA:241,57,0,0
BRDA:241,57,1,0
BRDA:246,58,0,0
BRDA:267,59,0,0
BRDA:267,59,1,0
BRDA:277,60,0,0
BRDA:277,60,1,0
BRDA:277,61,0,0
BRDA:277,61,1,0
BRDA:286,62,0,0
BRDA:286,62,1,0
BRDA:291,63,0,0
BRDA:291,63,1,0
BRDA:304,64,0,0
BRDA:304,64,1,0
BRDA:310,65,0,0
BRDA:310,65,1,0
BRDA:313,66,0,0
BRDA:313,66,1,0
BRDA:316,67,0,0
BRDA:316,67,1,0
BRDA:321,68,0,0
BRDA:321,68,1,0
BRDA:321,69,0,0
BRDA:321,69,1,0
BRDA:321,70,0,0
BRDA:321,70,1,0
BRDA:321,71,0,0
BRDA:321,71,1,0
BRDA:321,72,0,0
BRDA:321,72,1,0
BRDA:337,73,0,0
BRDA:337,73,1,0
BRDA:353,74,0,0
BRDA:353,74,1,0
BRDA:359,75,0,0
BRDA:359,75,1,0
BRDA:373,76,0,0
BRDA:373,76,1,0
BRF:147
BRH:0
end_of_record
TN:
SF:src\Pages\Teacher\TeacherList.tsx
FN:14,(anonymous_1)
FN:36,(anonymous_2)
FN:48,(anonymous_3)
FN:52,(anonymous_4)
FN:57,(anonymous_5)
FN:70,(anonymous_6)
FN:82,(anonymous_7)
FN:83,(anonymous_8)
FN:89,(anonymous_9)
FN:96,(anonymous_10)
FN:117,(anonymous_11)
FN:121,(anonymous_12)
FN:133,(anonymous_13)
FN:137,(anonymous_14)
FN:147,(anonymous_15)
FN:157,(anonymous_16)
FNF:16
FNH:0
FNDA:0,(anonymous_1)
FNDA:0,(anonymous_2)
FNDA:0,(anonymous_3)
FNDA:0,(anonymous_4)
FNDA:0,(anonymous_5)
FNDA:0,(anonymous_6)
FNDA:0,(anonymous_7)
FNDA:0,(anonymous_8)
FNDA:0,(anonymous_9)
FNDA:0,(anonymous_10)
FNDA:0,(anonymous_11)
FNDA:0,(anonymous_12)
FNDA:0,(anonymous_13)
FNDA:0,(anonymous_14)
FNDA:0,(anonymous_15)
FNDA:0,(anonymous_16)
DA:1,0
DA:2,0
DA:3,0
DA:4,0
DA:5,0
DA:6,0
DA:7,0
DA:8,0
DA:9,0
DA:10,0
DA:11,0
DA:12,0
DA:14,0
DA:15,0
DA:16,0
DA:17,0
DA:18,0
DA:19,0
DA:20,0
DA:22,0
DA:33,0
DA:35,0
DA:37,0
DA:38,0
DA:48,0
DA:49,0
DA:52,0
DA:53,0
DA:54,0
DA:57,0
DA:58,0
DA:59,0
DA:60,0
DA:61,0
DA:63,0
DA:64,0
DA:65,0
DA:66,0
DA:70,0
DA:71,0
DA:72,0
DA:82,0
DA:83,0
DA:89,0
DA:96,0
DA:117,0
DA:118,0
DA:120,0
DA:121,0
DA:129,0
DA:133,0
DA:134,0
DA:137,0
DA:138,0
DA:139,0
DA:142,0
DA:147,0
DA:157,0
DA:167,0
LF:59
LH:0
BRDA:33,0,0,0
BRDA:33,0,1,0
BRDA:33,1,0,0
BRDA:33,1,1,0
BRDA:33,2,0,0
BRDA:33,2,1,0
BRDA:33,3,0,0
BRDA:33,3,1,0
BRDA:33,4,0,0
BRDA:33,4,1,0
BRDA:58,5,0,0
BRDA:58,5,1,0
BRDA:63,6,0,0
BRDA:71,7,0,0
BRDA:71,7,1,0
BRDA:71,8,0,0
BRDA:71,8,1,0
BRDA:71,9,0,0
BRDA:71,9,1,0
BRDA:71,10,0,0
BRDA:71,10,1,0
BRDA:71,11,0,0
BRDA:71,11,1,0
BRDA:71,12,0,0
BRDA:71,12,1,0
BRDA:76,13,0,0
BRDA:76,13,1,0
BRDA:78,14,0,0
BRDA:78,14,1,0
BRDA:81,15,0,0
BRDA:81,15,1,0
BRDA:85,16,0,0
BRDA:85,16,1,0
BRDA:85,17,0,0
BRDA:85,17,1,0
BRDA:85,18,0,0
BRDA:85,18,1,0
BRDA:89,19,0,0
BRDA:89,19,1,0
BRDA:89,20,0,0
BRDA:89,20,1,0
BRDA:89,21,0,0
BRDA:89,21,1,0
BRDA:89,22,0,0
BRDA:89,22,1,0
BRDA:89,23,0,0
BRDA:89,23,1,0
BRDA:89,24,0,0
BRDA:89,24,1,0
BRDA:91,25,0,0
BRDA:91,25,1,0
BRDA:91,26,0,0
BRDA:91,26,1,0
BRDA:91,27,0,0
BRDA:91,27,1,0
BRDA:91,28,0,0
BRDA:91,28,1,0
BRDA:91,29,0,0
BRDA:91,29,1,0
BRDA:91,30,0,0
BRDA:91,30,1,0
BRDA:90,31,0,0
BRDA:90,31,1,0
BRDA:90,32,0,0
BRDA:90,32,1,0
BRDA:90,33,0,0
BRDA:90,33,1,0
BRDA:90,34,0,0
BRDA:90,34,1,0
BRDA:105,35,0,0
BRDA:105,35,1,0
BRDA:107,36,0,0
BRDA:107,36,1,0
BRDA:111,37,0,0
BRDA:111,37,1,0
BRDA:118,38,0,0
BRDA:118,38,1,0
BRDA:145,39,0,0
BRDA:145,39,1,0
BRDA:151,40,0,0
BRDA:151,40,1,0
BRDA:151,41,0,0
BRDA:151,41,1,0
BRDA:151,42,0,0
BRDA:151,42,1,0
BRDA:151,43,0,0
BRDA:151,43,1,0
BRDA:151,44,0,0
BRDA:151,44,1,0
BRF:89
BRH:0
end_of_record
TN:
SF:src\Pages\Teacher\UploadImagePopup.tsx
FN:6,(anonymous_1)
FNF:1
FNH:0
FNDA:0,(anonymous_1)
DA:1,0
DA:2,0
DA:3,0
DA:4,0
DA:6,0
DA:7,0
DA:25,0
LF:7
LH:0
BRF:0
BRH:0
end_of_record
TN:
SF:src\Pages\Teacher\Validation.tsx
FN:2,(anonymous_0)
FN:5,(anonymous_1)
FN:8,(anonymous_2)
FN:11,(anonymous_3)
FN:14,(anonymous_4)
FN:17,(anonymous_5)
FN:22,(anonymous_6)
FN:24,(anonymous_7)
FN:26,(anonymous_8)
FNF:9
FNH:0
FNDA:0,(anonymous_0)
FNDA:0,(anonymous_1)
FNDA:0,(anonymous_2)
FNDA:0,(anonymous_3)
FNDA:0,(anonymous_4)
FNDA:0,(anonymous_5)
FNDA:0,(anonymous_6)
FNDA:0,(anonymous_7)
FNDA:0,(anonymous_8)
DA:1,0
DA:3,0
DA:6,0
DA:9,0
DA:12,0
DA:15,0
DA:18,0
DA:21,0
DA:23,0
DA:25,0
DA:27,0
LF:11
LH:0
BRDA:3,0,0,0
BRDA:3,0,1,0
BRDA:6,1,0,0
BRDA:6,1,1,0
BRDA:9,2,0,0
BRDA:9,2,1,0
BRDA:12,3,0,0
BRDA:12,3,1,0
BRDA:15,4,0,0
BRDA:15,4,1,0
BRDA:18,5,0,0
BRDA:18,5,1,0
BRDA:23,6,0,0
BRDA:23,6,1,0
BRDA:25,7,0,0
BRDA:25,7,1,0
BRDA:27,8,0,0
BRDA:27,8,1,0
BRF:18
BRH:0
end_of_record
TN:
SF:src\Routes\PrivateRoutes.tsx
FNF:0
FNH:0
DA:1,0
DA:2,0
DA:3,0
DA:4,0
DA:5,0
DA:6,0
DA:7,0
DA:9,0
LF:8
LH:0
BRF:0
BRH:0
end_of_record
TN:
SF:src\Routes\ProtectedRoutes.tsx
FN:8,(anonymous_0)
FNF:1
FNH:0
FNDA:0,(anonymous_0)
DA:1,0
DA:2,0
DA:8,0
DA:9,0
DA:10,0
DA:15,0
LF:6
LH:0
BRDA:11,0,0,0
BRDA:11,0,1,0
BRF:2
BRH:0
end_of_record
TN:
SF:src\Routes\PublicRoutes.tsx
FNF:0
FNH:0
DA:1,0
DA:3,0
LF:2
LH:0
BRF:0
BRH:0
end_of_record
TN:
SF:src\graphql\mutation.ts
FNF:0
FNH:0
DA:1,0
DA:3,0
DA:11,0
DA:19,0
DA:27,0
LF:5
LH:0
BRDA:3,0,0,0
BRDA:3,0,1,0
BRDA:11,1,0,0
BRDA:11,1,1,0
BRDA:19,2,0,0
BRDA:19,2,1,0
BRDA:27,3,0,0
BRDA:27,3,1,0
BRF:8
BRH:0
end_of_record
TN:
SF:src\graphql\query.ts
FNF:0
FNH:0
DA:1,0
DA:3,0
DA:34,0
DA:63,0
DA:72,0
LF:5
LH:0
BRDA:3,0,0,0
BRDA:3,0,1,0
BRDA:34,1,0,0
BRDA:34,1,1,0
BRDA:63,2,0,0
BRDA:63,2,1,0
BRDA:72,3,0,0
BRDA:72,3,1,0
BRF:8
BRH:0
end_of_record
TN:
SF:src\utils\getDecryptedDataWithSecretKey.tsx
FN:5,(anonymous_1)
FNF:1
FNH:0
FNDA:0,(anonymous_1)
DA:1,0
DA:3,0
DA:5,0
DA:8,0
DA:9,0
DA:10,0
DA:11,0
DA:13,0
DA:14,0
DA:18,0
LF:10
LH:0
BRF:0
BRH:0
end_of_record
